
10-Nov-2015, 23:17 => INFO => Suministrados disco y alabes al llegar a inspección final de rotor NAMEPLATE: M81178PART (BD): 9 
11-Nov-2015, 09:48 => INFO => Suministrados disco y alabes al llegar a inspección final de rotor NAMEPLATE: D81316PART (BD): 9 
11-Nov-2015, 12:10 => INFO => Suministrados disco y alabes al llegar a inspección final de rotor NAMEPLATE: M81178PART (BD): 10 
11-Nov-2015, 13:42 => INFO => Suministrado disco al llegar a inspección de disco. NAMEPLATE: YH0004PART (BD): 3 
12-Nov-2015, 09:26 => INFO => Suministrado disco al llegar a inspección de disco. NAMEPLATE: X80094PART (BD): 5 
12-Nov-2015, 10:37 => INFO => Suministrados disco y alabes al llegar a inspección final de rotor NAMEPLATE: M81178PART (BD): 8 
12-Nov-2015, 16:45 => INFO => Suministrados disco y alabes al llegar a inspección final de rotor NAMEPLATE: M81178PART (BD): 10 
13-Nov-2015, 08:37 => INFO => Suministrado disco al llegar a inspección de disco. NAMEPLATE: D81317PART (BD): 3 
13-Nov-2015, 22:00 => INFO => Suministrado disco al llegar a inspección de disco. NAMEPLATE: M81179PART (BD): 1 
14-Nov-2015, 07:34 => INFO => Suministrado disco al llegar a inspección de disco. NAMEPLATE: M81179PART (BD): 2 
14-Nov-2015, 07:48 => INFO => Suministrados disco y alabes al llegar a inspección final de rotor NAMEPLATE: D81317PART (BD): 9 
14-Nov-2015, 09:49 => INFO => Suministrado disco al llegar a inspección de disco. NAMEPLATE: M81179PART (BD): 5 
14-Nov-2015, 10:21 => INFO => Suministrado disco al llegar a inspección de disco. NAMEPLATE: H80411PART (BD): 4 
16-Nov-2015, 07:49 => INFO => Suministrado disco al llegar a inspección de disco. NAMEPLATE: M81179PART (BD): 6 
16-Nov-2015, 07:59 => INFO => Suministrado disco al llegar a inspección de disco. NAMEPLATE: M81179RPART (BD): 6 
16-Nov-2015, 17:14 => INFO => Suministrados disco y alabes al llegar a inspección final de rotor NAMEPLATE: X80096PART (BD): 9 
16-Nov-2015, 19:26 => INFO => Suministrado disco al llegar a inspección de disco. NAMEPLATE: D81318PART (BD): 3 
16-Nov-2015, 21:26 => INFO => Suministrado disco al llegar a inspección de disco. NAMEPLATE: D88411PART (BD): 3 
16-Nov-2015, 21:45 => INFO => Suministrado disco al llegar a inspección de disco. NAMEPLATE: M81180PART (BD): 6 
17-Nov-2015, 10:19 => INFO => Suministrado disco al llegar a inspección de disco. NAMEPLATE: X80097PART (BD): 2 
17-Nov-2015, 17:20 => INFO => Suministrado disco al llegar a inspección de disco. NAMEPLATE: M81180PART (BD): 5 
18-Nov-2015, 11:55 => INFO => Suministrado disco al llegar a inspección de disco. NAMEPLATE: X80095PART (BD): 5 
18-Nov-2015, 13:09 => INFO => Suministrados disco y alabes al llegar a inspección final de rotor NAMEPLATE: M81180PART (BD): 11 
18-Nov-2015, 15:13 => INFO => Suministrado disco al llegar a inspección de disco. NAMEPLATE: Y80004PART (BD): 4 
18-Nov-2015, 16:53 => INFO => Suministrado disco al llegar a inspección de disco. NAMEPLATE: D81318PART (BD): 4 
19-Nov-2015, 18:51 => INFO => Suministrado disco al llegar a inspección de disco. NAMEPLATE: RD81318PART (BD): 4 
20-Nov-2015, 15:28 => INFO => Suministrado disco al llegar a inspección de disco. NAMEPLATE: D81319PART (BD): 1 
23-Nov-2015, 09:39 => INFO => Suministrado disco al llegar a inspección de disco. NAMEPLATE: X80096PART (BD): 5 
23-Nov-2015, 10:26 => INFO => Suministrado disco al llegar a inspección de disco. NAMEPLATE: YH0004PART (BD): 6 
23-Nov-2015, 19:26 => INFO => Suministrado disco al llegar a inspección de disco. NAMEPLATE: M81183PART (BD): 4 
24-Nov-2015, 14:49 => INFO => Suministrados disco y alabes al llegar a inspección final de rotor NAMEPLATE: M81183PART (BD): 9 
24-Nov-2015, 18:57 => INFO => Suministrado disco al llegar a inspección de disco. NAMEPLATE: M81182PART (BD): 2 
26-Nov-2015, 10:55 => INFO => Suministrados disco y alabes al llegar a inspección final de rotor NAMEPLATE: D81320PART (BD): 10 
26-Nov-2015, 14:26 => INFO => Suministrado disco al llegar a inspección de disco. NAMEPLATE: M81184PART (BD): 5 
26-Nov-2015, 17:58 => INFO => Suministrado disco al llegar a inspección de disco. NAMEPLATE: X80098PART (BD): 4 
26-Nov-2015, 19:14 => INFO => Suministrado disco al llegar a inspección de disco. NAMEPLATE: M81184PART (BD): 6 
26-Nov-2015, 22:41 => INFO => Suministrado disco al llegar a inspección de disco. NAMEPLATE: X80098RPART (BD): 5 
26-Nov-2015, 22:42 => INFO => Suministrados disco y alabes al llegar a inspección final de rotor NAMEPLATE: D81321PART (BD): 9 
27-Nov-2015, 15:12 => INFO => Suministrado disco al llegar a inspección de disco. NAMEPLATE: X80099PART (BD): 4 
27-Nov-2015, 15:54 => INFO => Suministrado disco al llegar a inspección de disco. NAMEPLATE: M81185PART (BD): 1 
30-Nov-2015, 18:38 => INFO => Suministrados disco y alabes al llegar a inspección final de rotor NAMEPLATE: X80099PART (BD): 10 
01-Dec-2015, 08:57 => INFO => Suministrados disco y alabes al llegar a inspección final de rotor NAMEPLATE: D81322PART (BD): 9 
01-Dec-2015, 11:50 => INFO => Suministrado disco al llegar a inspección de disco. NAMEPLATE: X80100PART (BD): 6 
01-Dec-2015, 22:04 => INFO => Suministrado disco al llegar a inspección de disco. NAMEPLATE: D81323PART (BD): 3 
02-Dec-2015, 12:04 => INFO => Suministrado disco al llegar a inspección de disco. NAMEPLATE: M81185PART (BD): 5 
02-Dec-2015, 12:25 => INFO => Suministrado disco al llegar a inspección de disco. NAMEPLATE: X80101PART (BD): 4 
02-Dec-2015, 13:49 => INFO => Suministrado disco al llegar a inspección de disco. NAMEPLATE: M81186PART (BD): 5 
04-Dec-2015, 20:40 => INFO => Suministrado disco al llegar a inspección de disco. NAMEPLATE: M81187PART (BD): 5 
07-Dec-2015, 10:39 => INFO => Suministrado disco al llegar a inspección de disco. NAMEPLATE: YH0005PART (BD): 2 
07-Dec-2015, 13:32 => INFO => Suministrado disco al llegar a inspección de disco. NAMEPLATE: H80412PART (BD): 4 
09-Dec-2015, 12:44 => INFO => Suministrado disco al llegar a inspección de disco. NAMEPLATE: RD81308PART (BD): 3 
09-Dec-2015, 22:15 => INFO => Suministrado disco al llegar a inspección de disco. NAMEPLATE: X80103PART (BD): 5 
09-Dec-2015, 22:23 => INFO => Suministrados disco y alabes al llegar a inspección final de rotor NAMEPLATE: YH0005PART (BD): 11 
10-Dec-2015, 10:58 => INFO => Suministrado disco al llegar a inspección de disco. NAMEPLATE: M81188PART (BD): 5 
10-Dec-2015, 15:34 => INFO => Suministrado disco al llegar a inspección de disco. NAMEPLATE: YH0005PART (BD): 4 
10-Dec-2015, 17:28 => INFO => Suministrado disco al llegar a inspección de disco. NAMEPLATE: M81187PART (BD): 3 
10-Dec-2015, 19:10 => INFO => Suministrado disco al llegar a inspección de disco. NAMEPLATE: H80412PART (BD): 5 
10-Dec-2015, 20:47 => INFO => Suministrado disco al llegar a inspección de disco. NAMEPLATE: X80104PART (BD): 5 
11-Dec-2015, 17:43 => INFO => Suministrado disco al llegar a inspección de disco. NAMEPLATE: X80140PART (BD): 1 
11-Dec-2015, 22:11 => INFO => Suministrado disco al llegar a inspección de disco. NAMEPLATE: D81324PART (BD): 3 
12-Dec-2015, 08:55 => INFO => Suministrado disco al llegar a inspección de disco. NAMEPLATE: YH0005PART (BD): 6 
12-Dec-2015, 09:14 => INFO => Suministrados disco y alabes al llegar a inspección final de rotor NAMEPLATE: X80104PART (BD): 11 
12-Dec-2015, 10:46 => INFO => Suministrado disco al llegar a inspección de disco. NAMEPLATE: X80105PART (BD): 3 
14-Dec-2015, 08:14 => INFO => Suministrado disco al llegar a inspección de disco. NAMEPLATE: X80105PART (BD): 6 
14-Dec-2015, 17:48 => INFO => Suministrado disco al llegar a inspección de disco. NAMEPLATE: X80106PART (BD): 3 
14-Dec-2015, 20:31 => INFO => Suministrados disco y alabes al llegar a inspección final de rotor NAMEPLATE: D81324PART (BD): 7 
15-Dec-2015, 07:57 => INFO => Suministrados disco y alabes al llegar a inspección final de rotor NAMEPLATE: D81324PART (BD): 8 
15-Dec-2015, 19:52 => INFO => Suministrado disco al llegar a inspección de disco. NAMEPLATE: X80105PART (BD): 5 
16-Dec-2015, 08:53 => INFO => Suministrado disco al llegar a inspección de disco. NAMEPLATE: X80106PART (BD): 6 
17-Dec-2015, 08:06 => INFO => Suministrados disco y alabes al llegar a inspección final de rotor NAMEPLATE: D81325PART (BD): 10 
17-Dec-2015, 12:44 => INFO => Suministrados disco y alabes al llegar a inspección final de rotor NAMEPLATE: M81190PART (BD): 8 
18-Dec-2015, 10:00 => INFO => Suministrado disco al llegar a inspección de disco. NAMEPLATE: D81326PART (BD): 2 
19-Dec-2015, 10:57 => INFO => Suministrados disco y alabes al llegar a inspección final de rotor NAMEPLATE: D81326PART (BD): 8 
21-Dec-2015, 11:10 => INFO => Suministrado disco al llegar a inspección de disco. NAMEPLATE: X80107PART (BD): 6 
21-Dec-2015, 17:24 => INFO => Suministrado disco al llegar a inspección de disco. NAMEPLATE: M81192PART (BD): 1 
21-Dec-2015, 18:26 => INFO => Suministrado disco al llegar a inspección de disco. NAMEPLATE: D81327PART (BD): 2 
21-Dec-2015, 20:43 => INFO => Suministrado disco al llegar a inspección de disco. NAMEPLATE: M81192PART (BD): 2 
22-Dec-2015, 10:28 => INFO => Suministrado disco al llegar a inspección de disco. NAMEPLATE: M81192PART (BD): 3 
22-Dec-2015, 10:44 => INFO => Suministrados disco y alabes al llegar a inspección final de rotor NAMEPLATE: D81326PART (BD): 7 
22-Dec-2015, 13:02 => INFO => Suministrado disco al llegar a inspección de disco. NAMEPLATE: M81192PART (BD): 4 
22-Dec-2015, 13:12 => INFO => Suministrado disco al llegar a inspección de disco. NAMEPLATE: M81191PART (BD): 5 
22-Dec-2015, 15:57 => INFO => Suministrado disco al llegar a inspección de disco. NAMEPLATE: M81192PART (BD): 5 
22-Dec-2015, 17:49 => INFO => Suministrado disco al llegar a inspección de disco. NAMEPLATE: X80109PART (BD): 1 
22-Dec-2015, 20:25 => INFO => Suministrados disco y alabes al llegar a inspección final de rotor NAMEPLATE: M81192PART (BD): 12 
28-Dec-2015, 12:50 => INFO => Suministrados disco y alabes al llegar a inspección final de rotor NAMEPLATE: X80109PART (BD): 7 
28-Dec-2015, 17:56 => INFO => Suministrado disco al llegar a inspección de disco. NAMEPLATE: M81193PART (BD): 1 
28-Dec-2015, 20:11 => INFO => Suministrado disco al llegar a inspección de disco. NAMEPLATE: D81327PART (BD): 3 
28-Dec-2015, 21:35 => INFO => Suministrado disco al llegar a inspección de disco. NAMEPLATE: M81193PART (BD): 2 
29-Dec-2015, 09:27 => INFO => Suministrado disco al llegar a inspección de disco. NAMEPLATE: D81227PART (BD): 1 
29-Dec-2015, 10:54 => INFO => Suministrado disco al llegar a inspección de disco. NAMEPLATE: D81328PART (BD): 2 
30-Dec-2015, 18:17 => INFO => Suministrado disco al llegar a inspección de disco. NAMEPLATE: D81328PART (BD): 1 
30-Dec-2015, 19:27 => INFO => Suministrado disco al llegar a inspección de disco. NAMEPLATE: D81329PART (BD): 2 
30-Dec-2015, 22:54 => INFO => Suministrado disco al llegar a inspección de disco. NAMEPLATE: X80110PART (BD): 5 
08-Jan-2016, 09:22 => INFO => Suministrados disco y alabes al llegar a inspección final de rotor NAMEPLATE: D81329PART (BD): 8 
11-Jan-2016, 08:34 => INFO => Suministrado disco al llegar a inspección de disco. NAMEPLATE: M81193PART (BD): 6 
11-Jan-2016, 12:34 => INFO => Suministrado disco al llegar a inspección de disco. NAMEPLATE: M81194PART (BD): 2 
11-Jan-2016, 13:08 => INFO => Suministrado disco al llegar a inspección de disco. NAMEPLATE: M81194PART (BD): 1 
11-Jan-2016, 20:14 => INFO => Suministrados disco y alabes al llegar a inspección final de rotor NAMEPLATE: M81193PART (BD): 12 
11-Jan-2016, 22:22 => INFO => Suministrados disco y alabes al llegar a inspección final de rotor NAMEPLATE: M81194PART (BD): 8 
12-Jan-2016, 09:30 => INFO => Suministrado disco al llegar a inspección de disco. NAMEPLATE: D81329PART (BD): 3 
12-Jan-2016, 09:58 => INFO => Suministrado disco al llegar a inspección de disco. NAMEPLATE: M81194PART (BD): 3 
12-Jan-2016, 11:26 => INFO => Suministrados disco y alabes al llegar a inspección final de rotor NAMEPLATE: M81194PART (BD): 7 
12-Jan-2016, 17:53 => INFO => Suministrado disco al llegar a inspección de disco. NAMEPLATE: RDH1325PART (BD): 2 
12-Jan-2016, 20:47 => INFO => Suministrado disco al llegar a inspección de disco. NAMEPLATE: RD1325PART (BD): 2 
12-Jan-2016, 21:40 => INFO => Suministrados disco y alabes al llegar a inspección final de rotor NAMEPLATE: M81194PART (BD): 9 
13-Jan-2016, 11:13 => INFO => Suministrado disco al llegar a inspección de disco. NAMEPLATE: M81194PART (BD): 5 
13-Jan-2016, 12:21 => INFO => Suministrados disco y alabes al llegar a inspección final de rotor NAMEPLATE: D81329PART (BD): 9 
13-Jan-2016, 16:57 => INFO => Suministrados disco y alabes al llegar a inspección final de rotor NAMEPLATE: M81194PART (BD): 10 
13-Jan-2016, 16:58 => INFO => Suministrado disco al llegar a inspección de disco. NAMEPLATE: M81194PART (BD): 6 
14-Jan-2016, 10:01 => INFO => Suministrados disco y alabes al llegar a inspección final de rotor NAMEPLATE: M81194PART (BD): 11 
14-Jan-2016, 10:12 => INFO => Suministrados disco y alabes al llegar a inspección final de rotor NAMEPLATE: M81194PART (BD): 12 
14-Jan-2016, 17:32 => INFO => Suministrado disco al llegar a inspección de disco. NAMEPLATE: M81195PART (BD): 5 
14-Jan-2016, 18:10 => INFO => Suministrado disco al llegar a inspección de disco. NAMEPLATE: M81195PART (BD): 1 
15-Jan-2016, 11:27 => INFO => Suministrados disco y alabes al llegar a inspección final de rotor NAMEPLATE: M81195PART (BD): 7 
15-Jan-2016, 13:08 => INFO => Suministrado disco al llegar a inspección de disco. NAMEPLATE: D81330PART (BD): 3 
15-Jan-2016, 16:23 => INFO => Suministrado disco al llegar a inspección de disco. NAMEPLATE: RDH1328PART (BD): 2 
15-Jan-2016, 20:31 => INFO => Suministrados disco y alabes al llegar a inspección final de rotor NAMEPLATE: M81195PART (BD): 11 
18-Jan-2016, 16:19 => INFO => Suministrado disco al llegar a inspección de disco. NAMEPLATE: M81195PART (BD): 6 
18-Jan-2016, 16:40 => INFO => Suministrados disco y alabes al llegar a inspección final de rotor NAMEPLATE: D81330PART (BD): 9 
18-Jan-2016, 17:16 => INFO => Suministrado disco al llegar a inspección de disco. NAMEPLATE: X80114PART (BD): 5 
18-Jan-2016, 23:11 => INFO => Suministrado disco al llegar a inspección de disco. NAMEPLATE: P8001/01PART (BD): 2 
19-Jan-2016, 09:31 => INFO => Suministrados disco y alabes al llegar a inspección final de rotor NAMEPLATE: M81195PART (BD): 12 
19-Jan-2016, 10:03 => INFO => Suministrados disco y alabes al llegar a inspección final de rotor NAMEPLATE: X80114PART (BD): 11 
19-Jan-2016, 10:47 => INFO => Suministrado disco al llegar a inspección de disco. NAMEPLATE: M81196PART (BD): 5 
19-Jan-2016, 12:50 => INFO => Suministrado disco al llegar a inspección de disco. NAMEPLATE: D81330PART (BD): 4 
19-Jan-2016, 17:17 => INFO => Suministrado disco al llegar a inspección de disco. NAMEPLATE: D81331PART (BD): 3 
20-Jan-2016, 09:13 => INFO => Suministrados disco y alabes al llegar a inspección final de rotor NAMEPLATE: M81196PART (BD): 11 
20-Jan-2016, 09:48 => INFO => Suministrado disco al llegar a inspección de disco. NAMEPLATE: M81196PART (BD): 1 
20-Jan-2016, 15:37 => INFO => Suministrado disco al llegar a inspección de disco. NAMEPLATE: M81196PART (BD): 3 
20-Jan-2016, 17:17 => INFO => Suministrado disco al llegar a inspección de disco. NAMEPLATE: M81196PART (BD): 2 
20-Jan-2016, 19:32 => INFO => Suministrado disco al llegar a inspección de disco. NAMEPLATE: D81331PART (BD): 1 
20-Jan-2016, 20:51 => INFO => Suministrado disco al llegar a inspección de disco. NAMEPLATE: M81196PART (BD): 4 
21-Jan-2016, 18:18 => INFO => Suministrado disco al llegar a inspección de disco. NAMEPLATE: P8001/01PART (BD): 4 
21-Jan-2016, 21:34 => INFO => Suministrados disco y alabes al llegar a inspección final de rotor NAMEPLATE: M81196PART (BD): 12 
22-Jan-2016, 10:03 => INFO => Suministrado disco al llegar a inspección de disco. NAMEPLATE: P80001/01BPART (BD): 5 
22-Jan-2016, 10:19 => INFO => Suministrado disco al llegar a inspección de disco. NAMEPLATE: M81197PART (BD): 5 
22-Jan-2016, 13:01 => INFO => Suministrado disco al llegar a inspección de disco. NAMEPLATE: M81197PART (BD): 6 
22-Jan-2016, 18:39 => INFO => Suministrado disco al llegar a inspección de disco. NAMEPLATE: X81115PART (BD): 1 
25-Jan-2016, 13:06 => INFO => Suministrados disco y alabes al llegar a inspección final de rotor NAMEPLATE: X80115PART (BD): 7 
25-Jan-2016, 14:41 => INFO => Suministrados disco y alabes al llegar a inspección final de rotor NAMEPLATE: M81198PART (BD): 7 
25-Jan-2016, 17:12 => INFO => Suministrado disco al llegar a inspección de disco. NAMEPLATE: X81198PART (BD): 5 
26-Jan-2016, 07:59 => INFO => Suministrado disco al llegar a inspección de disco. NAMEPLATE: X80116PART (BD): 5 
26-Jan-2016, 22:39 => INFO => Suministrado disco al llegar a inspección de disco. NAMEPLATE: P8001/01PART (BD): 6 
27-Jan-2016, 10:23 => INFO => Suministrados disco y alabes al llegar a inspección final de rotor NAMEPLATE: X80116PART (BD): 9 
27-Jan-2016, 17:38 => INFO => Suministrado disco al llegar a inspección de disco. NAMEPLATE: H80413PART (BD): 1 
29-Jan-2016, 12:22 => INFO => Suministrado disco al llegar a inspección de disco. NAMEPLATE: M81200PART (BD): 5 
02-Feb-2016, 21:42 => INFO => Suministrado disco al llegar a inspección de disco. NAMEPLATE: M81201PART (BD): 5 
25-Feb-2016, 14:40 => INFO => Suministrado disco al llegar a inspección de disco. NAMEPLATE: D81341PART (BD): 1 
25-Feb-2016, 15:44 => INFO => Suministrado disco al llegar a inspección de disco. NAMEPLATE: D81340PART (BD): 3 
26-Feb-2016, 13:26 => INFO => Suministrados disco y alabes al llegar a inspección final de rotor NAMEPLATE: M81209PART (BD): 7 
26-Feb-2016, 21:38 => INFO => Suministrados disco y alabes al llegar a inspección final de rotor NAMEPLATE: D81341PART (BD): 7 
29-Feb-2016, 07:49 => INFO => Suministrado disco al llegar a inspección de disco. NAMEPLATE: H80417PART (BD): 4 
29-Feb-2016, 18:08 => INFO => Suministrado disco al llegar a inspección de disco. NAMEPLATE: D81210PART (BD): 5 
01-Mar-2016, 09:08 => INFO => Suministrados disco y alabes al llegar a inspección final de rotor NAMEPLATE: H80417PART (BD): 10 
01-Mar-2016, 15:13 => INFO => Suministrado disco al llegar a inspección de disco. NAMEPLATE: X80125PART (BD): 3 
01-Mar-2016, 20:20 => INFO => Suministrados disco y alabes al llegar a inspección final de rotor NAMEPLATE: M81210PART (BD): 11 
01-Mar-2016, 22:36 => INFO => Suministrado disco al llegar a inspección de disco. NAMEPLATE: D81342PART (BD): 1 
02-Mar-2016, 08:02 => INFO => Suministrados disco y alabes al llegar a inspección final de rotor NAMEPLATE: X80125PART (BD): 9 
02-Mar-2016, 10:47 => INFO => Suministrado disco al llegar a inspección de disco. NAMEPLATE: D81342PART (BD): 3 
02-Mar-2016, 10:49 => INFO => Suministrado disco al llegar a inspección de disco. NAMEPLATE: M81211PART (BD): 1 
02-Mar-2016, 11:59 => INFO => Suministrado disco al llegar a inspección de disco. NAMEPLATE: D81342PART (BD): 2 
02-Mar-2016, 21:09 => INFO => Suministrado disco al llegar a inspección de disco. NAMEPLATE: M81211PART (BD): 5 
02-Mar-2016, 22:21 => INFO => Suministrados disco y alabes al llegar a inspección final de rotor NAMEPLATE: M81211PART (BD): 7 
03-Mar-2016, 10:09 => INFO => Suministrado disco al llegar a inspección de disco. NAMEPLATE: D81342PART (BD): 4 
08-Mar-2016, 12:31 => INFO => Suministrado disco al llegar a inspección de disco. NAMEPLATE: H80417PART (BD): 1 
08-Mar-2016, 19:15 => INFO => Suministrado disco al llegar a inspección de disco. NAMEPLATE: H88414PART (BD): 2 
08-Mar-2016, 20:40 => INFO => Suministrados disco y alabes al llegar a inspección final de rotor NAMEPLATE: X80127PART (BD): 11 
08-Mar-2016, 23:19 => INFO => Suministrado disco al llegar a inspección de disco. NAMEPLATE: H80417PART (BD): 3 
08-Mar-2016, 23:27 => INFO => Suministrados disco y alabes al llegar a inspección final de rotor NAMEPLATE: H80417PART (BD): 7 
09-Mar-2016, 16:37 => INFO => Suministrados disco y alabes al llegar a inspección final de rotor NAMEPLATE: H80417PART (BD): 9 
11-Mar-2016, 07:45 => INFO => Suministrado disco al llegar a inspección de disco. NAMEPLATE: D81344PART (BD): 3 
11-Mar-2016, 11:08 => INFO => Suministrado disco al llegar a inspección de disco. NAMEPLATE: H80418PART (BD): 2 
11-Mar-2016, 12:15 => INFO => Suministrado disco al llegar a inspección de disco. NAMEPLATE: M81214PART (BD): 5 
11-Mar-2016, 13:18 => INFO => Suministrados disco y alabes al llegar a inspección final de rotor NAMEPLATE: X80129PART (BD): 9 
11-Mar-2016, 13:30 => INFO => Suministrados disco y alabes al llegar a inspección final de rotor NAMEPLATE: X80129PART (BD): 11 
11-Mar-2016, 16:46 => INFO => Suministrados disco y alabes al llegar a inspección final de rotor NAMEPLATE: X80129PART (BD): 10 
11-Mar-2016, 21:49 => INFO => Suministrado disco al llegar a inspección de disco. NAMEPLATE: P8001/01PART (BD): 1 
15-Mar-2016, 17:43 => INFO => Suministrado disco al llegar a inspección de disco. NAMEPLATE: D81555PART (BD): 3 
16-Mar-2016, 08:28 => INFO => Suministrado disco al llegar a inspección de disco. NAMEPLATE: H80419PART (BD): 3 
16-Mar-2016, 08:53 => INFO => Suministrado disco al llegar a inspección de disco. NAMEPLATE: YH0006PART (BD): 1 
16-Mar-2016, 09:36 => INFO => Suministrados disco y alabes al llegar a inspección final de rotor NAMEPLATE: X80131PART (BD): 9 
16-Mar-2016, 16:04 => INFO => Suministrado disco al llegar a inspección de disco. NAMEPLATE: M81215PART (BD): 4 
16-Mar-2016, 17:32 => INFO => Suministrados disco y alabes al llegar a inspección final de rotor NAMEPLATE: X80132PART (BD): 11 
16-Mar-2016, 17:46 => INFO => Suministrado disco al llegar a inspección de disco. NAMEPLATE: H80419PART (BD): 5 
17-Mar-2016, 16:07 => INFO => Suministrado disco al llegar a inspección de disco. NAMEPLATE: M81216PART (BD): 5 
17-Mar-2016, 17:41 => INFO => Suministrado disco al llegar a inspección de disco. NAMEPLATE: D81346PART (BD): 3 
20-Mar-2016, 11:07 => INFO => Suministrado disco al llegar a inspección de disco. NAMEPLATE: M81218PART (BD): 2 
20-Mar-2016, 12:25 => INFO => Suministrados disco y alabes al llegar a inspección final de rotor NAMEPLATE: M81217PART (BD): 8 
23-Mar-2016, 09:52 => INFO => Suministrados disco y alabes al llegar a inspección final de rotor NAMEPLATE: M81218PART (BD): 11 
24-Mar-2016, 09:15 => INFO => Suministrado disco al llegar a inspección de disco. NAMEPLATE: NG0004PART (BD): 4 
24-Mar-2016, 10:04 => INFO => Suministrado disco al llegar a inspección de disco. NAMEPLATE: NG0004PART (BD): 6 
25-Mar-2016, 10:35 => INFO => Suministrados disco y alabes al llegar a inspección final de rotor NAMEPLATE: NG0004PART (BD): 10 
28-Mar-2016, 07:28 => INFO => Suministrados disco y alabes al llegar a inspección final de rotor NAMEPLATE: NG0004PART (BD): 12 
31-Mar-2016, 12:30 => INFO => Suministrados disco y alabes al llegar a inspección final de rotor NAMEPLATE: X80136PART (BD): 11 
01-Apr-2016, 12:02 => INFO => Suministrados disco y alabes al llegar a inspección final de rotor NAMEPLATE: D81348PART (BD): 7 
01-Apr-2016, 15:38 => INFO => Suministrados disco y alabes al llegar a inspección final de rotor NAMEPLATE: H80421PART (BD): 10 
01-Apr-2016, 19:58 => INFO => Suministrados disco y alabes al llegar a inspección final de rotor NAMEPLATE: D81348PART (BD): 8 
01-Apr-2016, 23:06 => INFO => Suministrados disco y alabes al llegar a inspección final de rotor NAMEPLATE: M81220PART (BD): 11 
02-Apr-2016, 12:10 => INFO => Suministrados disco y alabes al llegar a inspección final de rotor NAMEPLATE: H80421PART (BD): 9 
03-Apr-2016, 09:10 => INFO => Suministrados disco y alabes al llegar a inspección final de rotor NAMEPLATE: M81220PART (BD): 10 
03-Apr-2016, 13:17 => INFO => Suministrados disco y alabes al llegar a inspección final de rotor NAMEPLATE: X80137PART (BD): 8 
03-Apr-2016, 13:28 => INFO => Suministrados disco y alabes al llegar a inspección final de rotor NAMEPLATE: D81348PART (BD): 9 
04-Apr-2016, 08:53 => INFO => Suministrados disco y alabes al llegar a inspección final de rotor NAMEPLATE: M81220PART (BD): 12 
05-Apr-2016, 11:27 => INFO => Suministrados disco y alabes al llegar a inspección final de rotor NAMEPLATE: X80138PART (BD): 11 
06-Apr-2016, 14:40 => INFO => Suministrados disco y alabes al llegar a inspección final de rotor NAMEPLATE: M81222PART (BD): 7 
06-Apr-2016, 18:29 => INFO => Suministrados disco y alabes al llegar a inspección final de rotor NAMEPLATE: M81222PART (BD): 11 
07-Apr-2016, 10:26 => INFO => Suministrado disco al llegar a inspección de disco. NAMEPLATE: R8002/01PART (BD): 1 
07-Apr-2016, 23:17 => INFO => Suministrado disco al llegar a inspección de disco. NAMEPLATE: YH0006PART (BD): 5 
08-Apr-2016, 11:14 => INFO => Suministrado disco al llegar a inspección de disco. NAMEPLATE: D81555PART (BD): 2 
08-Apr-2016, 16:16 => INFO => Suministrado disco al llegar a inspección de disco. NAMEPLATE: R8002/01PART (BD): 2 
09-Apr-2016, 12:36 => INFO => Suministrados disco y alabes al llegar a inspección final de rotor NAMEPLATE: H80423PART (BD): 10 
11-Apr-2016, 07:28 => INFO => Suministrados disco y alabes al llegar a inspección final de rotor NAMEPLATE: M81224PART (BD): 8 
11-Apr-2016, 09:38 => INFO => Suministrados disco y alabes al llegar a inspección final de rotor NAMEPLATE: M81224PART (BD): 7 
11-Apr-2016, 17:42 => INFO => Suministrado disco al llegar a inspección de disco. NAMEPLATE: R8002/01PART (BD): 3 
12-Apr-2016, 11:08 => INFO => Suministrado disco al llegar a inspección de disco. NAMEPLATE: R8002/01/BPART (BD): 5 
12-Apr-2016, 11:48 => INFO => Suministrados disco y alabes al llegar a inspección final de rotor NAMEPLATE: D81351PART (BD): 7 
13-Apr-2016, 13:26 => INFO => Suministrado disco al llegar a inspección de disco. NAMEPLATE: R8002/01PART (BD): 6 
15-Apr-2016, 09:33 => INFO => Suministrados disco y alabes al llegar a inspección final de rotor NAMEPLATE: D81352PART (BD): 7 
15-Apr-2016, 10:57 => INFO => Suministrados disco y alabes al llegar a inspección final de rotor NAMEPLATE: M81226PART (BD): 7 
15-Apr-2016, 11:15 => INFO => Suministrados disco y alabes al llegar a inspección final de rotor NAMEPLATE: D81352PART (BD): 9 
15-Apr-2016, 20:16 => INFO => Suministrados disco y alabes al llegar a inspección final de rotor NAMEPLATE: X80143PART (BD): 11 
19-Apr-2016, 09:12 => INFO => Suministrados disco y alabes al llegar a inspección final de rotor NAMEPLATE: M81227PART (BD): 12 
19-Apr-2016, 13:33 => INFO => Suministrados disco y alabes al llegar a inspección final de rotor NAMEPLATE: D81353PART (BD): 8 
20-Apr-2016, 16:29 => INFO => Suministrados disco y alabes al llegar a inspección final de rotor NAMEPLATE: X80144PART (BD): 12 
20-Apr-2016, 19:36 => INFO => Suministrados disco y alabes al llegar a inspección final de rotor NAMEPLATE: M81228PART (BD): 12 
22-Apr-2016, 07:31 => INFO => Suministrados disco y alabes al llegar a inspección final de rotor NAMEPLATE: M81229PART (BD): 10 
22-Apr-2016, 23:23 => INFO => Suministrado disco al llegar a inspección de disco. NAMEPLATE: H80427PART (BD): 1 
23-Apr-2016, 08:45 => INFO => Suministrados disco y alabes al llegar a inspección final de rotor NAMEPLATE: H80427PART (BD): 7 
23-Apr-2016, 11:07 => INFO => Suministrados disco y alabes al llegar a inspección final de rotor NAMEPLATE: M81230PART (BD): 7 
23-Apr-2016, 13:01 => INFO => Suministrado disco al llegar a inspección de disco. NAMEPLATE: Y0007PART (BD): 1 
23-Apr-2016, 13:25 => INFO => Suministrados disco y alabes al llegar a inspección final de rotor NAMEPLATE: X80146PART (BD): 11 
25-Apr-2016, 11:27 => INFO => Suministrados disco y alabes al llegar a inspección final de rotor NAMEPLATE: D81355PART (BD): 7 
25-Apr-2016, 17:01 => INFO => Suministrado disco al llegar a inspección de disco. NAMEPLATE: Y0007PART (BD): 2 
25-Apr-2016, 18:18 => INFO => Suministrados disco y alabes al llegar a inspección final de rotor NAMEPLATE: H80427PART (BD): 9 
26-Apr-2016, 17:15 => INFO => Suministrados disco y alabes al llegar a inspección final de rotor NAMEPLATE: M81229PART (BD): 8 
27-Apr-2016, 15:21 => INFO => Suministrados disco y alabes al llegar a inspección final de rotor NAMEPLATE: M81231PART (BD): 8 
29-Apr-2016, 09:46 => INFO => Suministrados disco y alabes al llegar a inspección final de rotor NAMEPLATE: D81356PART (BD): 8 
29-Apr-2016, 11:49 => INFO => Suministrados disco y alabes al llegar a inspección final de rotor NAMEPLATE: X80148PART (BD): 11 
29-Apr-2016, 12:59 => INFO => Suministrados disco y alabes al llegar a inspección final de rotor NAMEPLATE: M81232PART (BD): 8 
29-Apr-2016, 13:45 => INFO => Suministrados disco y alabes al llegar a inspección final de rotor NAMEPLATE: M81232PART (BD): 7 
29-Apr-2016, 19:50 => INFO => Suministrados disco y alabes al llegar a inspección final de rotor NAMEPLATE: M81232PART (BD): 10 
29-Apr-2016, 20:42 => INFO => Suministrados disco y alabes al llegar a inspección final de rotor NAMEPLATE: M81231PART (BD): 11 
29-Apr-2016, 21:35 => INFO => Suministrados disco y alabes al llegar a inspección final de rotor NAMEPLATE: M81232PART (BD): 9 
30-Apr-2016, 13:40 => INFO => Suministrado disco al llegar a inspección de disco. NAMEPLATE: M81231RPART (BD): 4 
03-May-2016, 17:33 => INFO => Suministrados disco y alabes al llegar a inspección final de rotor NAMEPLATE: X80149PART (BD): 12 
03-May-2016, 19:11 => INFO => Suministrados disco y alabes al llegar a inspección final de rotor NAMEPLATE: X80150PART (BD): 7 
03-May-2016, 22:07 => INFO => Suministrados disco y alabes al llegar a inspección final de rotor NAMEPLATE: M81232PART (BD): 12 
03-May-2016, 22:30 => INFO => Suministrados disco y alabes al llegar a inspección final de rotor NAMEPLATE: M81232PART (BD): 11 
04-May-2016, 09:31 => INFO => Suministrados disco y alabes al llegar a inspección final de rotor NAMEPLATE: M81233PART (BD): 7 
04-May-2016, 10:44 => INFO => Suministrados disco y alabes al llegar a inspección final de rotor NAMEPLATE: M81233PART (BD): 8 
04-May-2016, 18:02 => INFO => Suministrados disco y alabes al llegar a inspección final de rotor NAMEPLATE: D81357PART (BD): 7 
04-May-2016, 19:58 => INFO => Suministrados disco y alabes al llegar a inspección final de rotor NAMEPLATE: M81233PART (BD): 10 
05-May-2016, 22:46 => INFO => Suministrado disco al llegar a inspección de disco. NAMEPLATE: YH0007PART (BD): 6 
07-May-2016, 13:45 => INFO => Suministrados disco y alabes al llegar a inspección final de rotor NAMEPLATE: M81234PART (BD): 11 
09-May-2016, 17:34 => INFO => Suministrados disco y alabes al llegar a inspección final de rotor NAMEPLATE: M81235PART (BD): 8 
10-May-2016, 09:48 => INFO => Suministrados disco y alabes al llegar a inspección final de rotor NAMEPLATE: X80152PART (BD): 11 
10-May-2016, 20:54 => INFO => Suministrados disco y alabes al llegar a inspección final de rotor NAMEPLATE: M81236PART (BD): 11 
11-May-2016, 11:45 => INFO => Suministrados disco y alabes al llegar a inspección final de rotor NAMEPLATE: H80430PART (BD): 8 
11-May-2016, 15:11 => INFO => Suministrados disco y alabes al llegar a inspección final de rotor NAMEPLATE: M81236PART (BD): 10 
11-May-2016, 20:09 => INFO => Suministrados disco y alabes al llegar a inspección final de rotor NAMEPLATE: X80153PART (BD): 11 
13-May-2016, 08:51 => INFO => Suministrados disco y alabes al llegar a inspección final de rotor NAMEPLATE: H80431PART (BD): 10 
13-May-2016, 15:46 => INFO => Suministrados disco y alabes al llegar a inspección final de rotor NAMEPLATE: H80431PART (BD): 7 
13-May-2016, 16:33 => INFO => Suministrados disco y alabes al llegar a inspección final de rotor NAMEPLATE: X80154PART (BD): 7 
13-May-2016, 20:05 => INFO => Suministrados disco y alabes al llegar a inspección final de rotor NAMEPLATE: X80154PART (BD): 8 
16-May-2016, 08:34 => INFO => Suministrados disco y alabes al llegar a inspección final de rotor NAMEPLATE: M81238PART (BD): 7 
16-May-2016, 21:12 => INFO => Suministrados disco y alabes al llegar a inspección final de rotor NAMEPLATE: M81238PART (BD): 10 
16-May-2016, 22:08 => INFO => Suministrados disco y alabes al llegar a inspección final de rotor NAMEPLATE: X80155PART (BD): 7 
16-May-2016, 23:12 => INFO => Suministrados disco y alabes al llegar a inspección final de rotor NAMEPLATE: M81238PART (BD): 12 
17-May-2016, 11:59 => INFO => Suministrados disco y alabes al llegar a inspección final de rotor NAMEPLATE: M81238PART (BD): 11 
17-May-2016, 12:44 => INFO => Suministrados disco y alabes al llegar a inspección final de rotor NAMEPLATE: M81239PART (BD): 8 
18-May-2016, 09:46 => INFO => Suministrados disco y alabes al llegar a inspección final de rotor NAMEPLATE: M81239PART (BD): 7 
18-May-2016, 16:07 => INFO => Suministrados disco y alabes al llegar a inspección final de rotor NAMEPLATE: M81239PART (BD): 11 
18-May-2016, 19:08 => INFO => Suministrados disco y alabes al llegar a inspección final de rotor NAMEPLATE: D81361PART (BD): 9 
19-May-2016, 09:37 => INFO => Suministrados disco y alabes al llegar a inspección final de rotor NAMEPLATE: D81361PART (BD): 8 
19-May-2016, 13:41 => INFO => Suministrados disco y alabes al llegar a inspección final de rotor NAMEPLATE: D81361PART (BD): 7 
19-May-2016, 19:06 => INFO => Suministrados disco y alabes al llegar a inspección final de rotor NAMEPLATE: D81361PART (BD): 10 
19-May-2016, 20:49 => INFO => Suministrados disco y alabes al llegar a inspección final de rotor NAMEPLATE: M81240PART (BD): 12 
23-May-2016, 10:31 => INFO => Suministrados disco y alabes al llegar a inspección final de rotor NAMEPLATE: M81241PART (BD): 8 
23-May-2016, 11:14 => INFO => Suministrados disco y alabes al llegar a inspección final de rotor NAMEPLATE: M81241PART (BD): 12 
24-May-2016, 13:24 => INFO => Suministrados disco y alabes al llegar a inspección final de rotor NAMEPLATE: M81241PART (BD): 11 
24-May-2016, 22:33 => INFO => Suministrados disco y alabes al llegar a inspección final de rotor NAMEPLATE: X80157PART (BD): 9 
25-May-2016, 11:25 => INFO => Suministrados disco y alabes al llegar a inspección final de rotor NAMEPLATE: H80433PART (BD): 11 
25-May-2016, 12:46 => INFO => Suministrados disco y alabes al llegar a inspección final de rotor NAMEPLATE: D81362PART (BD): 8 
25-May-2016, 14:01 => INFO => Suministrados disco y alabes al llegar a inspección final de rotor NAMEPLATE: M81242PART (BD): 9 
25-May-2016, 19:03 => INFO => Suministrados disco y alabes al llegar a inspección final de rotor NAMEPLATE: X80157PART (BD): 11 
25-May-2016, 22:04 => INFO => Suministrados disco y alabes al llegar a inspección final de rotor NAMEPLATE: M81242PART (BD): 12 
26-May-2016, 12:41 => INFO => Suministrados disco y alabes al llegar a inspección final de rotor NAMEPLATE: H80434PART (BD): 10 
26-May-2016, 12:43 => INFO => Suministrado disco al llegar a inspección de disco. NAMEPLATE: B8054/01/BPART (BD): 2 
26-May-2016, 14:11 => INFO => Suministrados disco y alabes al llegar a inspección final de rotor NAMEPLATE: H80434PART (BD): 8 
26-May-2016, 15:45 => INFO => Suministrados disco y alabes al llegar a inspección final de rotor NAMEPLATE: M81242PART (BD): 11 
26-May-2016, 15:47 => INFO => Suministrados disco y alabes al llegar a inspección final de rotor NAMEPLATE: M81243PART (BD): 8 
26-May-2016, 19:20 => INFO => Suministrados disco y alabes al llegar a inspección final de rotor NAMEPLATE: H80434PART (BD): 9 
26-May-2016, 21:22 => INFO => Suministrados disco y alabes al llegar a inspección final de rotor NAMEPLATE: M81243PART (BD): 7 
26-May-2016, 22:07 => INFO => Suministrados disco y alabes al llegar a inspección final de rotor NAMEPLATE: D81363PART (BD): 9 
30-May-2016, 11:03 => INFO => Suministrados disco y alabes al llegar a inspección final de rotor NAMEPLATE: X80158PART (BD): 9 
30-May-2016, 11:03 => INFO => Suministrado disco al llegar a inspección de disco. NAMEPLATE: B8054/01PART (BD): 3 
30-May-2016, 11:18 => INFO => Suministrado disco al llegar a inspección de disco. NAMEPLATE: B8054/01/BPART (BD): 5 
30-May-2016, 17:12 => INFO => Suministrado disco al llegar a inspección de disco. NAMEPLATE: B8054/01/BPART (BD): 4 
30-May-2016, 17:12 => INFO => Suministrados disco y alabes al llegar a inspección final de rotor NAMEPLATE: M81244PART (BD): 7 
31-May-2016, 12:56 => INFO => Suministrados disco y alabes al llegar a inspección final de rotor NAMEPLATE: X80158PART (BD): 12 
31-May-2016, 15:16 => INFO => Suministrados disco y alabes al llegar a inspección final de rotor NAMEPLATE: D81364PART (BD): 7 
31-May-2016, 17:35 => INFO => Suministrados disco y alabes al llegar a inspección final de rotor NAMEPLATE: D81364PART (BD): 8 
31-May-2016, 17:50 => INFO => Suministrados disco y alabes al llegar a inspección final de rotor NAMEPLATE: D81364PART (BD): 9 
31-May-2016, 19:38 => INFO => Suministrados disco y alabes al llegar a inspección final de rotor NAMEPLATE: H80435PART (BD): 8 
01-Jun-2016, 10:38 => INFO => Suministrados disco y alabes al llegar a inspección final de rotor NAMEPLATE: M81244PART (BD): 10 
01-Jun-2016, 12:15 => INFO => Suministrado disco al llegar a inspección de disco. NAMEPLATE: H80435PART (BD): 4 
01-Jun-2016, 13:07 => INFO => Suministrados disco y alabes al llegar a inspección final de rotor NAMEPLATE: X80159PART (BD): 7 
01-Jun-2016, 15:06 => INFO => Suministrados disco y alabes al llegar a inspección final de rotor NAMEPLATE: M81245PART (BD): 10 
01-Jun-2016, 17:29 => INFO => Suministrados disco y alabes al llegar a inspección final de rotor NAMEPLATE: M81245PART (BD): 11 
01-Jun-2016, 21:48 => INFO => Suministrados disco y alabes al llegar a inspección final de rotor NAMEPLATE: X80159PART (BD): 9 
02-Jun-2016, 07:58 => INFO => Suministrados disco y alabes al llegar a inspección final de rotor NAMEPLATE: M81245PART (BD): 12 
02-Jun-2016, 09:29 => INFO => Suministrados disco y alabes al llegar a inspección final de rotor NAMEPLATE: H80435PART (BD): 11 
02-Jun-2016, 11:14 => INFO => Suministrados disco y alabes al llegar a inspección final de rotor NAMEPLATE: X80159PART (BD): 11 
02-Jun-2016, 13:34 => INFO => Suministrado disco al llegar a inspección de disco. NAMEPLATE: YH0008PART (BD): 1 
02-Jun-2016, 18:53 => INFO => Suministrados disco y alabes al llegar a inspección final de rotor NAMEPLATE: X80159PART (BD): 12 
02-Jun-2016, 22:46 => INFO => Suministrados disco y alabes al llegar a inspección final de rotor NAMEPLATE: M81246PART (BD): 9 
03-Jun-2016, 09:16 => INFO => Suministrados disco y alabes al llegar a inspección final de rotor NAMEPLATE: H80436PART (BD): 7 
03-Jun-2016, 15:05 => INFO => Suministrado disco al llegar a inspección de disco. NAMEPLATE: B8054/01PART (BD): 6 
06-Jun-2016, 08:50 => INFO => Suministrados disco y alabes al llegar a inspección final de rotor NAMEPLATE: H80436PART (BD): 9 
06-Jun-2016, 13:43 => INFO => Suministrados disco y alabes al llegar a inspección final de rotor NAMEPLATE: M81247PART (BD): 8 
06-Jun-2016, 16:53 => INFO => Suministrados disco y alabes al llegar a inspección final de rotor NAMEPLATE: M81247PART (BD): 9 
06-Jun-2016, 21:08 => INFO => Suministrados disco y alabes al llegar a inspección final de rotor NAMEPLATE: M81247PART (BD): 11 
07-Jun-2016, 07:35 => INFO => Suministrados disco y alabes al llegar a inspección final de rotor NAMEPLATE: M81247PART (BD): 12 
07-Jun-2016, 08:59 => INFO => Suministrados disco y alabes al llegar a inspección final de rotor NAMEPLATE: M81248PART (BD): 8 
07-Jun-2016, 10:41 => INFO => Suministrados disco y alabes al llegar a inspección final de rotor NAMEPLATE: X80160PART (BD): 11 
07-Jun-2016, 16:18 => INFO => Suministrados disco y alabes al llegar a inspección final de rotor NAMEPLATE: D81365PART (BD): 9 
08-Jun-2016, 18:12 => INFO => Suministrado disco al llegar a inspección de disco. NAMEPLATE: YH0008PART (BD): 4 
09-Jun-2016, 13:23 => INFO => Suministrados disco y alabes al llegar a inspección final de rotor NAMEPLATE: M81249PART (BD): 8 
09-Jun-2016, 15:11 => INFO => Suministrados disco y alabes al llegar a inspección final de rotor NAMEPLATE: X80161PART (BD): 12 
09-Jun-2016, 15:24 => INFO => Suministrados disco y alabes al llegar a inspección final de rotor NAMEPLATE: M81248PART (BD): 11 
09-Jun-2016, 21:18 => INFO => Suministrados disco y alabes al llegar a inspección final de rotor NAMEPLATE: H80437PART (BD): 9 
10-Jun-2016, 07:40 => INFO => Suministrados disco y alabes al llegar a inspección final de rotor NAMEPLATE: D81366PART (BD): 10 
10-Jun-2016, 14:24 => INFO => Suministrados disco y alabes al llegar a inspección final de rotor NAMEPLATE: H80437PART (BD): 11 
10-Jun-2016, 14:39 => INFO => Suministrado disco al llegar a inspección de disco. NAMEPLATE: NG0005PART (BD): 1 
13-Jun-2016, 15:36 => INFO => Suministrados disco y alabes al llegar a inspección final de rotor NAMEPLATE: M81249PART (BD): 11 
14-Jun-2016, 10:53 => INFO => Suministrado disco al llegar a inspección de disco. NAMEPLATE: NG0005PART (BD): 5 
14-Jun-2016, 12:14 => INFO => Suministrado disco al llegar a inspección de disco. NAMEPLATE: N80005PART (BD): 4 
14-Jun-2016, 17:27 => INFO => Suministrados disco y alabes al llegar a inspección final de rotor NAMEPLATE: M81250PART (BD): 12 
14-Jun-2016, 22:02 => INFO => Suministrados disco y alabes al llegar a inspección final de rotor NAMEPLATE: D81368PART (BD): 7 
15-Jun-2016, 09:55 => INFO => Suministrados disco y alabes al llegar a inspección final de rotor NAMEPLATE: M81251PART (BD): 8 
15-Jun-2016, 10:20 => INFO => Suministrado disco al llegar a inspección de disco. NAMEPLATE: NG0005PART (BD): 6 
15-Jun-2016, 11:19 => INFO => Suministrados disco y alabes al llegar a inspección final de rotor NAMEPLATE: M81251PART (BD): 9 
16-Jun-2016, 08:21 => INFO => Suministrado disco al llegar a inspección de disco. NAMEPLATE: YH0008PART (BD): 2 
16-Jun-2016, 14:55 => INFO => Suministrado disco al llegar a inspección de disco. NAMEPLATE: N0007PART (BD): 2 
16-Jun-2016, 17:22 => INFO => Suministrado disco al llegar a inspección de disco. NAMEPLATE: YH0008PART (BD): 3 
17-Jun-2016, 21:45 => INFO => Suministrados disco y alabes al llegar a inspección final de rotor NAMEPLATE: YH0008PART (BD): 9 
20-Jun-2016, 11:19 => INFO => Suministrados disco y alabes al llegar a inspección final de rotor NAMEPLATE: M81252PART (BD): 11 
20-Jun-2016, 16:22 => INFO => Suministrados disco y alabes al llegar a inspección final de rotor NAMEPLATE: X80164PART (BD): 12 
20-Jun-2016, 17:42 => INFO => Suministrados disco y alabes al llegar a inspección final de rotor NAMEPLATE: X80165PART (BD): 8 
20-Jun-2016, 17:44 => INFO => Suministrados disco y alabes al llegar a inspección final de rotor NAMEPLATE: X80165PART (BD): 11 
20-Jun-2016, 20:43 => INFO => Suministrados disco y alabes al llegar a inspección final de rotor NAMEPLATE: X80165PART (BD): 9 
21-Jun-2016, 11:55 => INFO => Suministrados disco y alabes al llegar a inspección final de rotor NAMEPLATE: M81253PART (BD): 11 
21-Jun-2016, 12:56 => INFO => Suministrados disco y alabes al llegar a inspección final de rotor NAMEPLATE: M81253PART (BD): 10 
21-Jun-2016, 16:37 => INFO => Suministrados disco y alabes al llegar a inspección final de rotor NAMEPLATE: M81253PART (BD): 12 
21-Jun-2016, 17:56 => INFO => Suministrados disco y alabes al llegar a inspección final de rotor NAMEPLATE: M81254PART (BD): 7 
21-Jun-2016, 20:52 => INFO => Suministrados disco y alabes al llegar a inspección final de rotor NAMEPLATE: M81254PART (BD): 8 
22-Jun-2016, 09:06 => INFO => Suministrados disco y alabes al llegar a inspección final de rotor NAMEPLATE: M81254PART (BD): 9 
22-Jun-2016, 17:02 => INFO => Suministrados disco y alabes al llegar a inspección final de rotor NAMEPLATE: M81254PART (BD): 12 
23-Jun-2016, 15:11 => INFO => Suministrados disco y alabes al llegar a inspección final de rotor NAMEPLATE: M81255PART (BD): 9 
23-Jun-2016, 16:34 => INFO => Suministrados disco y alabes al llegar a inspección final de rotor NAMEPLATE: D81370PART (BD): 9 
24-Jun-2016, 10:08 => INFO => Suministrados disco y alabes al llegar a inspección final de rotor NAMEPLATE: M81255PART (BD): 10 
24-Jun-2016, 14:57 => INFO => Suministrados disco y alabes al llegar a inspección final de rotor NAMEPLATE: M81255PART (BD): 11 
24-Jun-2016, 19:51 => INFO => Suministrados disco y alabes al llegar a inspección final de rotor NAMEPLATE: M81255PART (BD): 8 
24-Jun-2016, 21:43 => INFO => Suministrado disco al llegar a inspección de disco. NAMEPLATE: YH0008PART (BD): 6 
25-Jun-2016, 13:44 => INFO => Suministrados disco y alabes al llegar a inspección final de rotor NAMEPLATE: D81370PART (BD): 10 
27-Jun-2016, 09:31 => INFO => Suministrados disco y alabes al llegar a inspección final de rotor NAMEPLATE: M81257PART (BD): 11 
27-Jun-2016, 20:19 => INFO => Suministrado disco al llegar a inspección de disco. NAMEPLATE: YH0008PART (BD): 5 
28-Jun-2016, 10:48 => INFO => Suministrados disco y alabes al llegar a inspección final de rotor NAMEPLATE: M81257PART (BD): 12 
28-Jun-2016, 13:11 => INFO => Suministrados disco y alabes al llegar a inspección final de rotor NAMEPLATE: X80166PART (BD): 12 
28-Jun-2016, 17:09 => INFO => Suministrados disco y alabes al llegar a inspección final de rotor NAMEPLATE: H80440PART (BD): 7 
28-Jun-2016, 19:43 => INFO => Suministrados disco y alabes al llegar a inspección final de rotor NAMEPLATE: M81258PART (BD): 7 
28-Jun-2016, 21:47 => INFO => Suministrados disco y alabes al llegar a inspección final de rotor NAMEPLATE: H80440PART (BD): 8 
29-Jun-2016, 07:42 => INFO => Suministrados disco y alabes al llegar a inspección final de rotor NAMEPLATE: H80440PART (BD): 9 
29-Jun-2016, 10:32 => INFO => Suministrados disco y alabes al llegar a inspección final de rotor NAMEPLATE: H80440PART (BD): 10 
29-Jun-2016, 17:27 => INFO => Suministrados disco y alabes al llegar a inspección final de rotor NAMEPLATE: M81258PART (BD): 9 
29-Jun-2016, 22:50 => INFO => Suministrados disco y alabes al llegar a inspección final de rotor NAMEPLATE: H80440PART (BD): 11 
30-Jun-2016, 08:02 => INFO => Suministrados disco y alabes al llegar a inspección final de rotor NAMEPLATE: M81258PART (BD): 12 
30-Jun-2016, 10:43 => INFO => Suministrados disco y alabes al llegar a inspección final de rotor NAMEPLATE: M81259PART (BD): 7 
30-Jun-2016, 11:22 => INFO => Suministrados disco y alabes al llegar a inspección final de rotor NAMEPLATE: D81371PART (BD): 9 
30-Jun-2016, 12:03 => INFO => Suministrados disco y alabes al llegar a inspección final de rotor NAMEPLATE: H80441PART (BD): 7 
01-Jul-2016, 11:07 => INFO => Suministrados disco y alabes al llegar a inspección final de rotor NAMEPLATE: X80167PART (BD): 9 
01-Jul-2016, 11:16 => INFO => Suministrados disco y alabes al llegar a inspección final de rotor NAMEPLATE: X80167PART (BD): 11 
04-Jul-2016, 17:40 => INFO => Suministrados disco y alabes al llegar a inspección final de rotor NAMEPLATE: X80168PART (BD): 11 
06-Jul-2016, 19:52 => INFO => Suministrados disco y alabes al llegar a inspección final de rotor NAMEPLATE: M81261PART (BD): 10 
06-Jul-2016, 20:27 => INFO => Suministrados disco y alabes al llegar a inspección final de rotor NAMEPLATE: M81261PART (BD): 11 
07-Jul-2016, 13:01 => INFO => Suministrados disco y alabes al llegar a inspección final de rotor NAMEPLATE: X80169PART (BD): 7 
07-Jul-2016, 16:34 => INFO => Suministrados disco y alabes al llegar a inspección final de rotor NAMEPLATE: X80169PART (BD): 8 
08-Jul-2016, 08:14 => INFO => Suministrados disco y alabes al llegar a inspección final de rotor NAMEPLATE: M81262PART (BD): 8 
08-Jul-2016, 12:46 => INFO => Suministrados disco y alabes al llegar a inspección final de rotor NAMEPLATE: X80169PART (BD): 9 
11-Jul-2016, 08:30 => INFO => Suministrados disco y alabes al llegar a inspección final de rotor NAMEPLATE: M81263PART (BD): 7 
13-Jul-2016, 09:04 => INFO => Suministrado disco al llegar a inspección de disco. NAMEPLATE: YH0009PART (BD): 4 
13-Jul-2016, 11:59 => INFO => Suministrados disco y alabes al llegar a inspección final de rotor NAMEPLATE: D81375PART (BD): 9 
13-Jul-2016, 18:51 => INFO => Suministrados disco y alabes al llegar a inspección final de rotor NAMEPLATE: M81264PART (BD): 10 
15-Jul-2016, 12:58 => INFO => Suministrados disco y alabes al llegar a inspección final de rotor NAMEPLATE: M81266PART (BD): 9 
15-Jul-2016, 16:20 => INFO => Suministrados disco y alabes al llegar a inspección final de rotor NAMEPLATE: X80170PART (BD): 11 
15-Jul-2016, 17:42 => INFO => Suministrados disco y alabes al llegar a inspección final de rotor NAMEPLATE: M81266PART (BD): 7 
15-Jul-2016, 18:17 => INFO => Suministrado disco al llegar a inspección de disco. NAMEPLATE: UG0001PART (BD): 2 
15-Jul-2016, 19:53 => INFO => Suministrados disco y alabes al llegar a inspección final de rotor NAMEPLATE: NG0008PART (BD): 11 
15-Jul-2016, 23:06 => INFO => Suministrados disco y alabes al llegar a inspección final de rotor NAMEPLATE: NG0008PART (BD): 12 
16-Jul-2016, 09:39 => INFO => Suministrados disco y alabes al llegar a inspección final de rotor NAMEPLATE: D81376PART (BD): 10 
16-Jul-2016, 10:16 => INFO => Suministrados disco y alabes al llegar a inspección final de rotor NAMEPLATE: D81376PART (BD): 9 
19-Jul-2016, 09:12 => INFO => Suministrados disco y alabes al llegar a inspección final de rotor NAMEPLATE: X80171PART (BD): 11 
19-Jul-2016, 20:03 => INFO => Suministrados disco y alabes al llegar a inspección final de rotor NAMEPLATE: M81267PART (BD): 8 
19-Jul-2016, 20:07 => INFO => Suministrados disco y alabes al llegar a inspección final de rotor NAMEPLATE: M81267PART (BD): 9 
21-Jul-2016, 16:08 => INFO => Suministrado disco al llegar a inspección de disco. NAMEPLATE: H80000PART (BD): 2 
29-Jul-2016, 19:05 => INFO => Suministrados disco y alabes al llegar a inspección final de rotor NAMEPLATE: M81272PART (BD): 7 
30-Jul-2016, 07:27 => INFO => Suministrados disco y alabes al llegar a inspección final de rotor NAMEPLATE: M81272PART (BD): 8 
01-Aug-2016, 17:44 => INFO => Suministrados disco y alabes al llegar a inspección final de rotor NAMEPLATE: M81272PART (BD): 9 
02-Aug-2016, 18:33 => INFO => Suministrados disco y alabes al llegar a inspección final de rotor NAMEPLATE: M81272PART (BD): 10 
02-Aug-2016, 19:50 => INFO => Suministrados disco y alabes al llegar a inspección final de rotor NAMEPLATE: M81273PART (BD): 7 
03-Aug-2016, 10:26 => INFO => Suministrados disco y alabes al llegar a inspección final de rotor NAMEPLATE: H80443PART (BD): 10 
04-Aug-2016, 07:52 => INFO => Suministrados disco y alabes al llegar a inspección final de rotor NAMEPLATE: M81273PART (BD): 12 
04-Aug-2016, 11:34 => INFO => Suministrados disco y alabes al llegar a inspección final de rotor NAMEPLATE: X80176PART (BD): 11 
05-Aug-2016, 12:24 => INFO => Suministrados disco y alabes al llegar a inspección final de rotor NAMEPLATE: X80178PART (BD): 10 
05-Aug-2016, 16:37 => INFO => Suministrados disco y alabes al llegar a inspección final de rotor NAMEPLATE: M81274PART (BD): 10 
05-Aug-2016, 20:35 => INFO => Suministrados disco y alabes al llegar a inspección final de rotor NAMEPLATE: X80178PART (BD): 12 
08-Aug-2016, 08:34 => INFO => Suministrados disco y alabes al llegar a inspección final de rotor NAMEPLATE: H80444PART (BD): 8 
08-Aug-2016, 10:12 => INFO => Suministrados disco y alabes al llegar a inspección final de rotor NAMEPLATE: X80179PART (BD): 8 
08-Aug-2016, 11:39 => INFO => Suministrado disco al llegar a inspección de disco. NAMEPLATE: YH0009PART (BD): 6 
08-Aug-2016, 11:51 => INFO => Suministrados disco y alabes al llegar a inspección final de rotor NAMEPLATE: X80179PART (BD): 9 
08-Aug-2016, 13:40 => INFO => Suministrados disco y alabes al llegar a inspección final de rotor NAMEPLATE: M81275PART (BD): 10 
08-Aug-2016, 16:26 => INFO => Suministrados disco y alabes al llegar a inspección final de rotor NAMEPLATE: M81275PART (BD): 11 
08-Aug-2016, 17:15 => INFO => Suministrados disco y alabes al llegar a inspección final de rotor NAMEPLATE: M81276PART (BD): 7 
09-Aug-2016, 11:46 => INFO => Suministrados disco y alabes al llegar a inspección final de rotor NAMEPLATE: X80179PART (BD): 10 
09-Aug-2016, 13:04 => INFO => Suministrados disco y alabes al llegar a inspección final de rotor NAMEPLATE: M81275PART (BD): 12 
09-Aug-2016, 16:15 => INFO => Suministrados disco y alabes al llegar a inspección final de rotor NAMEPLATE: M81276PART (BD): 9 
10-Aug-2016, 12:47 => INFO => Suministrados disco y alabes al llegar a inspección final de rotor NAMEPLATE: M81276PART (BD): 11 
11-Aug-2016, 07:31 => INFO => Suministrados disco y alabes al llegar a inspección final de rotor NAMEPLATE: M81276PART (BD): 8 
11-Aug-2016, 09:38 => INFO => Suministrados disco y alabes al llegar a inspección final de rotor NAMEPLATE: M81276PART (BD): 12 
11-Aug-2016, 10:58 => INFO => Suministrados disco y alabes al llegar a inspección final de rotor NAMEPLATE: M81277PART (BD): 7 
12-Aug-2016, 07:33 => INFO => Suministrados disco y alabes al llegar a inspección final de rotor NAMEPLATE: X80179PART (BD): 11 
12-Aug-2016, 10:00 => INFO => Suministrados disco y alabes al llegar a inspección final de rotor NAMEPLATE: H80444PART (BD): 11 
12-Aug-2016, 12:51 => INFO => Suministrados disco y alabes al llegar a inspección final de rotor NAMEPLATE: M81279PART (BD): 7 
12-Aug-2016, 16:15 => INFO => Suministrados disco y alabes al llegar a inspección final de rotor NAMEPLATE: M81277PART (BD): 10 
12-Aug-2016, 16:18 => INFO => Suministrados disco y alabes al llegar a inspección final de rotor NAMEPLATE: M81277PART (BD): 8 
16-Aug-2016, 13:02 => INFO => Suministrados disco y alabes al llegar a inspección final de rotor NAMEPLATE: M81278PART (BD): 9 
16-Aug-2016, 15:25 => INFO => Suministrados disco y alabes al llegar a inspección final de rotor NAMEPLATE: X80180PART (BD): 9 
17-Aug-2016, 10:18 => INFO => Suministrados disco y alabes al llegar a inspección final de rotor NAMEPLATE: M81278PART (BD): 12 
17-Aug-2016, 11:20 => INFO => Suministrados disco y alabes al llegar a inspección final de rotor NAMEPLATE: M81279PART (BD): 8 
17-Aug-2016, 12:11 => INFO => Suministrados disco y alabes al llegar a inspección final de rotor NAMEPLATE: M81279PART (BD): 11 
22-Aug-2016, 07:59 => INFO => Suministrados disco y alabes al llegar a inspección final de rotor NAMEPLATE: M81280PART (BD): 11 
22-Aug-2016, 18:44 => INFO => Suministrados disco y alabes al llegar a inspección final de rotor NAMEPLATE: M81280PART (BD): 7 
22-Aug-2016, 21:53 => INFO => Suministrados disco y alabes al llegar a inspección final de rotor NAMEPLATE: M81280PART (BD): 8 
23-Aug-2016, 10:18 => INFO => Suministrados disco y alabes al llegar a inspección final de rotor NAMEPLATE: M81280PART (BD): 9 
23-Aug-2016, 15:44 => INFO => Suministrados disco y alabes al llegar a inspección final de rotor NAMEPLATE: D81383PART (BD): 8 
24-Aug-2016, 08:36 => INFO => Suministrados disco y alabes al llegar a inspección final de rotor NAMEPLATE: D81383PART (BD): 9 
24-Aug-2016, 16:55 => INFO => Suministrados disco y alabes al llegar a inspección final de rotor NAMEPLATE: X80181PART (BD): 9 
24-Aug-2016, 21:26 => INFO => Suministrados disco y alabes al llegar a inspección final de rotor NAMEPLATE: M81281PART (BD): 7 
25-Aug-2016, 17:09 => INFO => Suministrados disco y alabes al llegar a inspección final de rotor NAMEPLATE: X80181PART (BD): 12 
25-Aug-2016, 22:19 => INFO => Suministrados disco y alabes al llegar a inspección final de rotor NAMEPLATE: D81384PART (BD): 7 
26-Aug-2016, 16:15 => INFO => Suministrados disco y alabes al llegar a inspección final de rotor NAMEPLATE: M81282PART (BD): 7 
26-Aug-2016, 19:46 => INFO => Suministrados disco y alabes al llegar a inspección final de rotor NAMEPLATE: M81282PART (BD): 8 
27-Aug-2016, 09:35 => INFO => Suministrados disco y alabes al llegar a inspección final de rotor NAMEPLATE: M81282PART (BD): 11 
27-Aug-2016, 11:49 => INFO => Suministrados disco y alabes al llegar a inspección final de rotor NAMEPLATE: M81282PART (BD): 10 
29-Aug-2016, 08:40 => INFO => Suministrados disco y alabes al llegar a inspección final de rotor NAMEPLATE: M81282PART (BD): 12 
29-Aug-2016, 16:31 => INFO => Suministrados disco y alabes al llegar a inspección final de rotor NAMEPLATE: M81283PART (BD): 7 
31-Aug-2016, 07:34 => INFO => Suministrados disco y alabes al llegar a inspección final de rotor NAMEPLATE: H80445PART (BD): 10 
06-Sep-2016, 22:23 => INFO => Suministrados disco y alabes al llegar a inspección final de rotor NAMEPLATE: M81287PART (BD): 12 
07-Sep-2016, 17:05 => INFO => Suministrados disco y alabes al llegar a inspección final de rotor NAMEPLATE: D81386PART (BD): 10 
08-Sep-2016, 09:09 => INFO => Suministrado disco al llegar a inspección de disco. NAMEPLATE: X80015PART (BD): 1 
09-Sep-2016, 10:28 => INFO => Suministrado disco al llegar a inspección de disco. NAMEPLATE: X80015PART (BD): 2 
09-Sep-2016, 16:11 => INFO => Suministrado disco al llegar a inspección de disco. NAMEPLATE: X80015PART (BD): 3 
12-Sep-2016, 08:00 => INFO => Suministrado disco al llegar a inspección de disco. NAMEPLATE: X80015PART (BD): 4 
13-Sep-2016, 20:10 => INFO => Suministrado disco al llegar a inspección de disco. NAMEPLATE: X80015PART (BD): 5 
15-Sep-2016, 19:18 => INFO => Suministrados disco y alabes al llegar a inspección final de rotor NAMEPLATE: M81290PART (BD): 8 
15-Sep-2016, 20:56 => INFO => Suministrados disco y alabes al llegar a inspección final de rotor NAMEPLATE: D81389PART (BD): 9 
15-Sep-2016, 23:33 => INFO => Suministrados disco y alabes al llegar a inspección final de rotor NAMEPLATE: D81389PART (BD): 10 
19-Sep-2016, 19:45 => INFO => Suministrado disco al llegar a inspección de disco. NAMEPLATE: B8054PART (BD): 1 
19-Sep-2016, 21:15 => INFO => Suministrados disco y alabes al llegar a inspección final de rotor NAMEPLATE: M81292PART (BD): 9 
20-Sep-2016, 17:15 => INFO => Suministrado disco al llegar a inspección de disco. NAMEPLATE: R804/010PART (BD): 1 
21-Sep-2016, 12:30 => INFO => Suministrado disco al llegar a inspección de disco. NAMEPLATE: R8004/01PART (BD): 2 
21-Sep-2016, 14:04 => INFO => Suministrados disco y alabes al llegar a inspección final de rotor NAMEPLATE: M81291PART (BD): 12 
22-Sep-2016, 13:02 => INFO => Suministrado disco al llegar a inspección de disco. NAMEPLATE: R8004/01/BPART (BD): 3 
23-Sep-2016, 10:28 => INFO => Suministrados disco y alabes al llegar a inspección final de rotor NAMEPLATE: D81391PART (BD): 8 
24-Sep-2016, 11:24 => INFO => Suministrado disco al llegar a inspección de disco. NAMEPLATE: R8004/01/BPART (BD): 5 
26-Sep-2016, 17:29 => INFO => Suministrados disco y alabes al llegar a inspección final de rotor NAMEPLATE: R8004/01/BPART (BD): 12 
26-Sep-2016, 17:53 => INFO => Suministrado disco al llegar a inspección de disco. NAMEPLATE: YH008PART (BD): 4 
26-Sep-2016, 19:44 => INFO => Suministrados disco y alabes al llegar a inspección final de rotor NAMEPLATE: D81391PART (BD): 10 
26-Sep-2016, 21:25 => INFO => Suministrados disco y alabes al llegar a inspección final de rotor NAMEPLATE: M81292PART (BD): 12 
26-Sep-2016, 22:37 => INFO => Suministrado disco al llegar a inspección de disco. NAMEPLATE: PART (BD): 6 
27-Sep-2016, 10:43 => INFO => Suministrados disco y alabes al llegar a inspección final de rotor NAMEPLATE: H80450PART (BD): 11 
27-Sep-2016, 22:59 => INFO => Suministrados disco y alabes al llegar a inspección final de rotor NAMEPLATE: D81392PART (BD): 7 
28-Sep-2016, 11:14 => INFO => Suministrados disco y alabes al llegar a inspección final de rotor NAMEPLATE: D81392PART (BD): 9 
28-Sep-2016, 17:24 => INFO => Suministrados disco y alabes al llegar a inspección final de rotor NAMEPLATE: M81293PART (BD): 11 
28-Sep-2016, 22:27 => INFO => Suministrados disco y alabes al llegar a inspección final de rotor NAMEPLATE: M81293PART (BD): 12 
28-Sep-2016, 23:27 => INFO => Suministrados disco y alabes al llegar a inspección final de rotor NAMEPLATE: D81392PART (BD): 10 
29-Sep-2016, 08:05 => INFO => Suministrados disco y alabes al llegar a inspección final de rotor NAMEPLATE: D81393PART (BD): 9 
30-Sep-2016, 08:15 => INFO => Suministrados disco y alabes al llegar a inspección final de rotor NAMEPLATE: M81294PART (BD): 7 
30-Sep-2016, 09:08 => INFO => Suministrados disco y alabes al llegar a inspección final de rotor NAMEPLATE: M81294PART (BD): 8 
30-Sep-2016, 13:29 => INFO => Suministrados disco y alabes al llegar a inspección final de rotor NAMEPLATE: M81294PART (BD): 9 
01-Oct-2016, 09:51 => INFO => Suministrados disco y alabes al llegar a inspección final de rotor NAMEPLATE: D81394PART (BD): 9 
03-Oct-2016, 14:01 => INFO => Suministrados disco y alabes al llegar a inspección final de rotor NAMEPLATE: M81295PART (BD): 7 
03-Oct-2016, 16:19 => INFO => Suministrados disco y alabes al llegar a inspección final de rotor NAMEPLATE: M81295PART (BD): 8 
03-Oct-2016, 16:47 => INFO => Suministrados disco y alabes al llegar a inspección final de rotor NAMEPLATE: M81295PART (BD): 11 
04-Oct-2016, 08:31 => INFO => Suministrados disco y alabes al llegar a inspección final de rotor NAMEPLATE: M81295PART (BD): 9 
04-Oct-2016, 16:21 => INFO => Suministrados disco y alabes al llegar a inspección final de rotor NAMEPLATE: M81296PART (BD): 11 
04-Oct-2016, 22:05 => INFO => Suministrados disco y alabes al llegar a inspección final de rotor NAMEPLATE: M81295PART (BD): 12 
05-Oct-2016, 11:44 => INFO => Suministrados disco y alabes al llegar a inspección final de rotor NAMEPLATE: M81297PART (BD): 11 
06-Oct-2016, 09:34 => INFO => Suministrados disco y alabes al llegar a inspección final de rotor NAMEPLATE: D81395PART (BD): 9 
10-Oct-2016, 12:39 => INFO => Suministrados disco y alabes al llegar a inspección final de rotor NAMEPLATE: H80452PART (BD): 11 
10-Oct-2016, 17:58 => INFO => Suministrados disco y alabes al llegar a inspección final de rotor NAMEPLATE: H80452PART (BD): 10 
10-Oct-2016, 23:15 => INFO => Suministrados disco y alabes al llegar a inspección final de rotor NAMEPLATE: M81298PART (BD): 7 
11-Oct-2016, 12:06 => INFO => Suministrados disco y alabes al llegar a inspección final de rotor NAMEPLATE: D81397PART (BD): 9 
11-Oct-2016, 12:34 => INFO => Suministrados disco y alabes al llegar a inspección final de rotor NAMEPLATE: UG0002PART (BD): 10 
13-Oct-2016, 07:52 => INFO => Suministrados disco y alabes al llegar a inspección final de rotor NAMEPLATE: M81299PART (BD): 11 
13-Oct-2016, 10:51 => INFO => Suministrados disco y alabes al llegar a inspección final de rotor NAMEPLATE: M81298PART (BD): 10 
13-Oct-2016, 15:52 => INFO => Suministrados disco y alabes al llegar a inspección final de rotor NAMEPLATE: M81299PART (BD): 7 
13-Oct-2016, 21:51 => INFO => Suministrados disco y alabes al llegar a inspección final de rotor NAMEPLATE: D81398PART (BD): 9 
14-Oct-2016, 12:22 => INFO => Suministrados disco y alabes al llegar a inspección final de rotor NAMEPLATE: UG0002PART (BD): 11 
18-Oct-2016, 17:45 => INFO => Suministrados disco y alabes al llegar a inspección final de rotor NAMEPLATE: M81300PART (BD): 8 
18-Oct-2016, 20:38 => INFO => Suministrados disco y alabes al llegar a inspección final de rotor NAMEPLATE: D81399PART (BD): 8 
19-Oct-2016, 11:46 => INFO => Suministrados disco y alabes al llegar a inspección final de rotor NAMEPLATE: H80453PART (BD): 10 
19-Oct-2016, 14:51 => INFO => Suministrados disco y alabes al llegar a inspección final de rotor NAMEPLATE: H80453PART (BD): 8 
19-Oct-2016, 22:17 => INFO => Suministrados disco y alabes al llegar a inspección final de rotor NAMEPLATE: D81400PART (BD): 9 
20-Oct-2016, 12:14 => INFO => Suministrados disco y alabes al llegar a inspección final de rotor NAMEPLATE: M81301PART (BD): 10 
21-Oct-2016, 19:35 => INFO => Suministrados disco y alabes al llegar a inspección final de rotor NAMEPLATE: M81302PART (BD): 8 
24-Oct-2016, 09:58 => INFO => Suministrados disco y alabes al llegar a inspección final de rotor NAMEPLATE: M81302PART (BD): 9 
24-Oct-2016, 13:10 => INFO => Suministrados disco y alabes al llegar a inspección final de rotor NAMEPLATE: M81302PART (BD): 10 
24-Oct-2016, 16:36 => INFO => Suministrados disco y alabes al llegar a inspección final de rotor NAMEPLATE: M81302PART (BD): 11 
24-Oct-2016, 21:43 => INFO => Suministrados disco y alabes al llegar a inspección final de rotor NAMEPLATE: M81303PART (BD): 8 
24-Oct-2016, 22:16 => INFO => Suministrados disco y alabes al llegar a inspección final de rotor NAMEPLATE: M81303PART (BD): 11 
24-Oct-2016, 22:56 => INFO => Suministrados disco y alabes al llegar a inspección final de rotor NAMEPLATE: M81302PART (BD): 12 
25-Oct-2016, 08:29 => INFO => Suministrados disco y alabes al llegar a inspección final de rotor NAMEPLATE: M81303PART (BD): 9 
25-Oct-2016, 12:09 => INFO => Suministrados disco y alabes al llegar a inspección final de rotor NAMEPLATE: UG0002PART (BD): 8 
25-Oct-2016, 13:49 => INFO => Suministrados disco y alabes al llegar a inspección final de rotor NAMEPLATE: M81303PART (BD): 10 
25-Oct-2016, 20:41 => INFO => Suministrados disco y alabes al llegar a inspección final de rotor NAMEPLATE: M81303PART (BD): 12 
26-Oct-2016, 10:42 => INFO => Suministrados disco y alabes al llegar a inspección final de rotor NAMEPLATE: D81402PART (BD): 9 
26-Oct-2016, 21:56 => INFO => Suministrados disco y alabes al llegar a inspección final de rotor NAMEPLATE: D81401PART (BD): 10 
27-Oct-2016, 08:23 => INFO => Suministrados disco y alabes al llegar a inspección final de rotor NAMEPLATE: M81304PART (BD): 9 
27-Oct-2016, 12:29 => INFO => Suministrados disco y alabes al llegar a inspección final de rotor NAMEPLATE: D81402PART (BD): 10 
27-Oct-2016, 16:23 => INFO => Suministrados disco y alabes al llegar a inspección final de rotor NAMEPLATE: M81304PART (BD): 7 
27-Oct-2016, 17:11 => INFO => Suministrados disco y alabes al llegar a inspección final de rotor NAMEPLATE: D81402PART (BD): 8 
27-Oct-2016, 18:55 => INFO => Suministrados disco y alabes al llegar a inspección final de rotor NAMEPLATE: M81304PART (BD): 11 
27-Oct-2016, 19:20 => INFO => Suministrados disco y alabes al llegar a inspección final de rotor NAMEPLATE: M81304PART (BD): 8 
27-Oct-2016, 23:09 => INFO => Suministrados disco y alabes al llegar a inspección final de rotor NAMEPLATE: M81304PART (BD): 10 
28-Oct-2016, 08:01 => INFO => Suministrados disco y alabes al llegar a inspección final de rotor NAMEPLATE: M81304PART (BD): 12 
28-Oct-2016, 13:05 => INFO => Suministrados disco y alabes al llegar a inspección final de rotor NAMEPLATE: M81305PART (BD): 9 
28-Oct-2016, 15:51 => INFO => Suministrados disco y alabes al llegar a inspección final de rotor NAMEPLATE: M81305PART (BD): 11 
28-Oct-2016, 17:13 => INFO => Suministrados disco y alabes al llegar a inspección final de rotor NAMEPLATE: M81305PART (BD): 10 
02-Nov-2016, 08:29 => INFO => Suministrados disco y alabes al llegar a inspección final de rotor NAMEPLATE: M81305PART (BD): 7 
02-Nov-2016, 08:34 => INFO => Suministrado disco al llegar a inspección de disco. NAMEPLATE: D81401PART (BD): 2 
02-Nov-2016, 10:16 => INFO => Suministrados disco y alabes al llegar a inspección final de rotor NAMEPLATE: M81305PART (BD): 8 
02-Nov-2016, 13:37 => INFO => Suministrados disco y alabes al llegar a inspección final de rotor NAMEPLATE: M81305PART (BD): 12 
02-Nov-2016, 20:45 => INFO => Suministrados disco y alabes al llegar a inspección final de rotor NAMEPLATE: M81306PART (BD): 7 
03-Nov-2016, 08:08 => INFO => Suministrados disco y alabes al llegar a inspección final de rotor NAMEPLATE: M81306PART (BD): 9 
03-Nov-2016, 09:03 => INFO => Suministrados disco y alabes al llegar a inspección final de rotor NAMEPLATE: M81306PART (BD): 8 
03-Nov-2016, 10:12 => INFO => Suministrados disco y alabes al llegar a inspección final de rotor NAMEPLATE: M81306PART (BD): 11 
03-Nov-2016, 10:48 => INFO => Suministrados disco y alabes al llegar a inspección final de rotor NAMEPLATE: M81306PART (BD): 10 
03-Nov-2016, 16:41 => INFO => Suministrados disco y alabes al llegar a inspección final de rotor NAMEPLATE: D81403PART (BD): 7 
03-Nov-2016, 18:03 => INFO => Suministrados disco y alabes al llegar a inspección final de rotor NAMEPLATE: M81306PART (BD): 12 
04-Nov-2016, 08:56 => INFO => Suministrados disco y alabes al llegar a inspección final de rotor NAMEPLATE: D81403PART (BD): 9 
04-Nov-2016, 22:56 => INFO => Suministrados disco y alabes al llegar a inspección final de rotor NAMEPLATE: D81403PART (BD): 10 
08-Nov-2016, 22:10 => INFO => Suministrado disco al llegar a inspección de disco. NAMEPLATE: X80219PART (BD): 6 
09-Nov-2016, 15:00 => INFO => Suministrado disco al llegar a inspección de disco. NAMEPLATE: X80220PART (BD): 2 
12-Nov-2016, 11:45 => INFO => Suministrados disco y alabes al llegar a inspección final de rotor NAMEPLATE: M81310PART (BD): 7 
14-Nov-2016, 11:30 => INFO => Suministrados disco y alabes al llegar a inspección final de rotor NAMEPLATE: D81407PART (BD): 9 
14-Nov-2016, 11:31 => INFO => Suministrados disco y alabes al llegar a inspección final de rotor NAMEPLATE: M81310PART (BD): 8 
14-Nov-2016, 12:24 => INFO => Suministrados disco y alabes al llegar a inspección final de rotor NAMEPLATE: D81407PART (BD): 8 
14-Nov-2016, 14:28 => INFO => Suministrados disco y alabes al llegar a inspección final de rotor NAMEPLATE: D81407PART (BD): 7 
14-Nov-2016, 16:49 => INFO => Suministrados disco y alabes al llegar a inspección final de rotor NAMEPLATE: M81310PART (BD): 9 
14-Nov-2016, 18:07 => INFO => Suministrados disco y alabes al llegar a inspección final de rotor NAMEPLATE: M81310PART (BD): 11 
14-Nov-2016, 18:23 => INFO => Suministrados disco y alabes al llegar a inspección final de rotor NAMEPLATE: D81406PART (BD): 10 
14-Nov-2016, 19:36 => INFO => Suministrados disco y alabes al llegar a inspección final de rotor NAMEPLATE: UG0003PART (BD): 9 
15-Nov-2016, 09:49 => INFO => Suministrados disco y alabes al llegar a inspección final de rotor NAMEPLATE: M81310PART (BD): 10 
15-Nov-2016, 10:48 => INFO => Suministrados disco y alabes al llegar a inspección final de rotor NAMEPLATE: H80454PART (BD): 7 
15-Nov-2016, 14:01 => INFO => Suministrados disco y alabes al llegar a inspección final de rotor NAMEPLATE: UG0003PART (BD): 10 
15-Nov-2016, 16:01 => INFO => Suministrados disco y alabes al llegar a inspección final de rotor NAMEPLATE: H80454PART (BD): 8 
15-Nov-2016, 17:50 => INFO => Suministrados disco y alabes al llegar a inspección final de rotor NAMEPLATE: M81310PART (BD): 12 
15-Nov-2016, 20:36 => INFO => Suministrados disco y alabes al llegar a inspección final de rotor NAMEPLATE: D81407PART (BD): 10 
15-Nov-2016, 22:21 => INFO => Suministrados disco y alabes al llegar a inspección final de rotor NAMEPLATE: D81408PART (BD): 7 
15-Nov-2016, 22:38 => INFO => Suministrados disco y alabes al llegar a inspección final de rotor NAMEPLATE: H80454PART (BD): 10 
16-Nov-2016, 09:55 => INFO => Suministrados disco y alabes al llegar a inspección final de rotor NAMEPLATE: D81408PART (BD): 8 
16-Nov-2016, 11:47 => INFO => Suministrados disco y alabes al llegar a inspección final de rotor NAMEPLATE: M81311PART (BD): 7 
16-Nov-2016, 12:46 => INFO => Suministrados disco y alabes al llegar a inspección final de rotor NAMEPLATE: M81311PART (BD): 8 
16-Nov-2016, 17:01 => INFO => Suministrados disco y alabes al llegar a inspección final de rotor NAMEPLATE: H80454PART (BD): 11 
17-Nov-2016, 22:09 => INFO => Suministrados disco y alabes al llegar a inspección final de rotor NAMEPLATE: D81409PART (BD): 9 
25-Nov-2016, 22:14 => INFO => Suministrado disco al llegar a inspección de disco. NAMEPLATE: Y80011PART (BD): 2 
29-Nov-2016, 08:37 => INFO => Suministrado disco al llegar a inspección de disco. NAMEPLATE: Y00011PART (BD): 4 
01-Dec-2016, 11:00 => INFO => Suministrados disco y alabes al llegar a inspección final de rotor NAMEPLATE: H80459PART (BD): 10 
02-Dec-2016, 16:10 => INFO => Suministrados disco y alabes al llegar a inspección final de rotor NAMEPLATE: NG0012PART (BD): 8 
05-Dec-2016, 08:17 => INFO => Suministrados disco y alabes al llegar a inspección final de rotor NAMEPLATE: D81414PART (BD): 9 
05-Dec-2016, 08:53 => INFO => Suministrados disco y alabes al llegar a inspección final de rotor NAMEPLATE: D81416PART (BD): 8 
05-Dec-2016, 10:22 => INFO => Suministrados disco y alabes al llegar a inspección final de rotor NAMEPLATE: H80460PART (BD): 11 
05-Dec-2016, 11:18 => INFO => Suministrados disco y alabes al llegar a inspección final de rotor NAMEPLATE: D81414PART (BD): 7 
05-Dec-2016, 13:46 => INFO => Suministrados disco y alabes al llegar a inspección final de rotor NAMEPLATE: M81315PART (BD): 7 
05-Dec-2016, 14:55 => INFO => Suministrados disco y alabes al llegar a inspección final de rotor NAMEPLATE: M81315PART (BD): 8 
05-Dec-2016, 17:03 => INFO => Suministrados disco y alabes al llegar a inspección final de rotor NAMEPLATE: NG0012PART (BD): 10 
05-Dec-2016, 20:08 => INFO => Suministrados disco y alabes al llegar a inspección final de rotor NAMEPLATE: D81414PART (BD): 10 
05-Dec-2016, 21:26 => INFO => Suministrados disco y alabes al llegar a inspección final de rotor NAMEPLATE: M81315PART (BD): 9 
12-Dec-2016, 10:56 => INFO => Suministrados disco y alabes al llegar a inspección final de rotor NAMEPLATE: H80461PART (BD): 10 
13-Dec-2016, 12:12 => INFO => Suministrados disco y alabes al llegar a inspección final de rotor NAMEPLATE: D81416PART (BD): 9 
13-Dec-2016, 18:19 => INFO => Suministrados disco y alabes al llegar a inspección final de rotor NAMEPLATE: UG0004PART (BD): 10 
13-Dec-2016, 20:32 => INFO => Suministrados disco y alabes al llegar a inspección final de rotor NAMEPLATE: D81417PART (BD): 7 
15-Dec-2016, 14:42 => INFO => Suministrados disco y alabes al llegar a inspección final de rotor NAMEPLATE: UG0004PART (BD): 12 
15-Dec-2016, 19:07 => INFO => Suministrados disco y alabes al llegar a inspección final de rotor NAMEPLATE: H80463PART (BD): 8 
15-Dec-2016, 21:23 => INFO => Suministrados disco y alabes al llegar a inspección final de rotor NAMEPLATE: H80463PART (BD): 9 
16-Dec-2016, 08:32 => INFO => Suministrados disco y alabes al llegar a inspección final de rotor NAMEPLATE: H80463PART (BD): 10 
16-Dec-2016, 13:11 => INFO => Suministrados disco y alabes al llegar a inspección final de rotor NAMEPLATE: H80463PART (BD): 11 
16-Dec-2016, 19:20 => INFO => Suministrados disco y alabes al llegar a inspección final de rotor NAMEPLATE: M81316PART (BD): 12 
17-Dec-2016, 07:20 => INFO => Suministrados disco y alabes al llegar a inspección final de rotor NAMEPLATE: D81418PART (BD): 9 
19-Dec-2016, 09:05 => INFO => Suministrados disco y alabes al llegar a inspección final de rotor NAMEPLATE: H80464PART (BD): 7 
19-Dec-2016, 14:36 => INFO => Suministrados disco y alabes al llegar a inspección final de rotor NAMEPLATE: D81420PART (BD): 8 
19-Dec-2016, 17:31 => INFO => Suministrados disco y alabes al llegar a inspección final de rotor NAMEPLATE: YH0012PART (BD): 7 
19-Dec-2016, 20:41 => INFO => Suministrados disco y alabes al llegar a inspección final de rotor NAMEPLATE: D81418PART (BD): 10 
20-Dec-2016, 08:02 => INFO => Suministrados disco y alabes al llegar a inspección final de rotor NAMEPLATE: NG0013PART (BD): 7 
20-Dec-2016, 10:32 => INFO => Suministrados disco y alabes al llegar a inspección final de rotor NAMEPLATE: YH0012PART (BD): 8 
20-Dec-2016, 10:49 => INFO => Suministrados disco y alabes al llegar a inspección final de rotor NAMEPLATE: H80464PART (BD): 10 
20-Dec-2016, 13:28 => INFO => Suministrados disco y alabes al llegar a inspección final de rotor NAMEPLATE: NG0013PART (BD): 9 
20-Dec-2016, 20:33 => INFO => Suministrados disco y alabes al llegar a inspección final de rotor NAMEPLATE: YH0012PART (BD): 9 
20-Dec-2016, 23:06 => INFO => Suministrados disco y alabes al llegar a inspección final de rotor NAMEPLATE: D81419PART (BD): 7 
21-Dec-2016, 08:58 => INFO => Suministrados disco y alabes al llegar a inspección final de rotor NAMEPLATE: D81421PART (BD): 8 
21-Dec-2016, 09:32 => INFO => Suministrados disco y alabes al llegar a inspección final de rotor NAMEPLATE: NG0013PART (BD): 10 
27-Dec-2016, 20:53 => INFO => Suministrados disco y alabes al llegar a inspección final de rotor NAMEPLATE: H80466PART (BD): 9 
28-Dec-2016, 08:13 => INFO => Suministrados disco y alabes al llegar a inspección final de rotor NAMEPLATE: H80466PART (BD): 10 
28-Dec-2016, 13:46 => INFO => Suministrados disco y alabes al llegar a inspección final de rotor NAMEPLATE: H80466PART (BD): 11 
05-Jan-2017, 12:25 => INFO => Suministrados disco y alabes al llegar a inspección final de rotor NAMEPLATE: D81421PART (BD): 9 
09-Jan-2017, 20:29 => INFO => Suministrados disco y alabes al llegar a inspección final de rotor NAMEPLATE: YH0013PART (BD): 11 
10-Jan-2017, 09:59 => INFO => Suministrados disco y alabes al llegar a inspección final de rotor NAMEPLATE: H80468PART (BD): 10 
10-Jan-2017, 22:30 => INFO => Suministrados disco y alabes al llegar a inspección final de rotor NAMEPLATE: M81319PART (BD): 8 
01-Feb-2017, 18:42 => INFO => Suministrado disco al llegar a inspección de disco. NAMEPLATE: DH1500PART (BD): 2 
01-Feb-2017, 18:45 => INFO => Suministrado disco al llegar a inspección de disco. NAMEPLATE: DH1700PART (BD): 1 
01-Feb-2017, 18:47 => INFO => Suministrados disco y alabes al llegar a inspección final de rotor NAMEPLATE: XG0300PART (BD): 8 
07-Feb-2017, 11:00 => INFO => Suministrados disco y alabes al llegar a inspección final de rotor NAMEPLATE: DH1566PART (BD): 9 
