26-Oct-2015, 21:35 => INFO => Suministrados disco y alabes al llegar a inspección final de rotor NAMEPLATE: X80089 
26-Oct-2015, 22:54 => INFO => Suministrados disco y alabes al llegar a inspección final de rotor NAMEPLATE: X80090 
27-Oct-2015, 09:28 => INFO => Suministrados disco y alabes al llegar a inspección final de rotor NAMEPLATE: X80090 
27-Oct-2015, 10:46 => INFO => Suministrados disco y alabes al llegar a inspección final de rotor NAMEPLATE: D81309 
27-Oct-2015, 15:37 => INFO => Suministrados disco y alabes al llegar a inspección final de rotor NAMEPLATE: X80089 
27-Oct-2015, 16:28 => INFO => Suministrados disco y alabes al llegar a inspección final de rotor NAMEPLATE: M81174 
27-Oct-2015, 17:42 => INFO => Suministrados disco y alabes al llegar a inspección final de rotor NAMEPLATE: M81173 
27-Oct-2015, 19:40 => INFO => Suministrado disco al llegar a inspección de disco. NAMEPLATE: M81173 
27-Oct-2015, 20:02 => INFO => Suministrados disco y alabes al llegar a inspección final de rotor NAMEPLATE: X80089 
27-Oct-2015, 20:02 => INFO => Suministrados disco y alabes al llegar a inspección final de rotor NAMEPLATE: X80090 
28-Oct-2015, 08:54 => INFO => Suministrados disco y alabes al llegar a inspección final de rotor NAMEPLATE: X80090 
28-Oct-2015, 09:14 => INFO => Suministrados disco y alabes al llegar a inspección final de rotor NAMEPLATE: M81173 
28-Oct-2015, 11:39 => INFO => Suministrados disco y alabes al llegar a inspección final de rotor NAMEPLATE: D81309 
28-Oct-2015, 14:09 => INFO => Suministrados disco y alabes al llegar a inspección final de rotor NAMEPLATE: M81173 
28-Oct-2015, 15:27 => INFO => Suministrados disco y alabes al llegar a inspección final de rotor NAMEPLATE: M81173 
28-Oct-2015, 18:50 => INFO => Suministrado disco al llegar a inspección de disco. NAMEPLATE: D81310 
28-Oct-2015, 20:24 => INFO => Suministrados disco y alabes al llegar a inspección final de rotor NAMEPLATE: D81310 
29-Oct-2015, 11:37 => INFO => Suministrados disco y alabes al llegar a inspección final de rotor NAMEPLATE: D81310 
29-Oct-2015, 16:31 => INFO => Suministrados disco y alabes al llegar a inspección final de rotor NAMEPLATE: X80090 
29-Oct-2015, 16:36 => INFO => Suministrado disco al llegar a inspección de disco. NAMEPLATE: M81174 
29-Oct-2015, 18:17 => INFO => Suministrado disco al llegar a inspección de disco. NAMEPLATE: M81174 
29-Oct-2015, 19:24 => INFO => Suministrados disco y alabes al llegar a inspección final de rotor NAMEPLATE: M81173 
29-Oct-2015, 20:11 => INFO => Suministrados disco y alabes al llegar a inspección final de rotor NAMEPLATE: X80091 
29-Oct-2015, 20:16 => INFO => Suministrado disco al llegar a inspección de disco. NAMEPLATE: M81174 
30-Oct-2015, 07:35 => INFO => Suministrados disco y alabes al llegar a inspección final de rotor NAMEPLATE: X80091 
30-Oct-2015, 08:23 => INFO => Suministrados disco y alabes al llegar a inspección final de rotor NAMEPLATE: X80091 
30-Oct-2015, 08:24 => INFO => Suministrado disco al llegar a inspección de disco. NAMEPLATE: D81311 
30-Oct-2015, 11:07 => INFO => Suministrados disco y alabes al llegar a inspección final de rotor NAMEPLATE: H80410 
30-Oct-2015, 13:39 => INFO => Suministrados disco y alabes al llegar a inspección final de rotor NAMEPLATE: M81174 
30-Oct-2015, 15:05 => INFO => Suministrados disco y alabes al llegar a inspección final de rotor NAMEPLATE: M81174 
30-Oct-2015, 15:27 => INFO => Suministrados disco y alabes al llegar a inspección final de rotor NAMEPLATE: D81311 
30-Oct-2015, 17:28 => INFO => Suministrado disco al llegar a inspección de disco. NAMEPLATE: D81311 
30-Oct-2015, 21:21 => INFO => Suministrado disco al llegar a inspección de disco. NAMEPLATE: M81175 
30-Oct-2015, 22:54 => INFO => Suministrados disco y alabes al llegar a inspección final de rotor NAMEPLATE: D81311 
31-Oct-2015, 08:00 => INFO => Suministrado disco al llegar a inspección de disco. NAMEPLATE: D81312 
31-Oct-2015, 08:00 => INFO => Suministrado disco al llegar a inspección de disco. NAMEPLATE: M81173 
31-Oct-2015, 08:35 => INFO => Suministrados disco y alabes al llegar a inspección final de rotor NAMEPLATE: M81174 
31-Oct-2015, 08:44 => INFO => Suministrados disco y alabes al llegar a inspección final de rotor NAMEPLATE: D81311 
02-Nov-2015, 07:36 => INFO => Suministrado disco al llegar a inspección de disco. NAMEPLATE: M81175 
02-Nov-2015, 08:01 => INFO => Suministrados disco y alabes al llegar a inspección final de rotor NAMEPLATE: D81311 
02-Nov-2015, 09:00 => INFO => Suministrado disco al llegar a inspección de disco. NAMEPLATE: M81175 
02-Nov-2015, 10:52 => INFO => Suministrados disco y alabes al llegar a inspección final de rotor NAMEPLATE: X80091 
02-Nov-2015, 12:44 => INFO => Suministrados disco y alabes al llegar a inspección final de rotor NAMEPLATE: M81174 
02-Nov-2015, 18:10 => INFO => Suministrados disco y alabes al llegar a inspección final de rotor NAMEPLATE: M81175 
02-Nov-2015, 18:17 => INFO => Suministrados disco y alabes al llegar a inspección final de rotor NAMEPLATE: M81173 
02-Nov-2015, 20:59 => INFO => Suministrados disco y alabes al llegar a inspección final de rotor NAMEPLATE: M81175 
02-Nov-2015, 21:02 => INFO => Suministrados disco y alabes al llegar a inspección final de rotor NAMEPLATE: M81175 
02-Nov-2015, 22:20 => INFO => Suministrados disco y alabes al llegar a inspección final de rotor NAMEPLATE: M81175 
03-Nov-2015, 09:21 => INFO => Suministrado disco al llegar a inspección de disco. NAMEPLATE: H80410 
03-Nov-2015, 09:38 => INFO => Suministrados disco y alabes al llegar a inspección final de rotor NAMEPLATE: X80092 
03-Nov-2015, 09:54 => INFO => Suministrados disco y alabes al llegar a inspección final de rotor NAMEPLATE: X80091 
03-Nov-2015, 11:37 => INFO => Suministrados disco y alabes al llegar a inspección final de rotor NAMEPLATE: X80092 
03-Nov-2015, 16:32 => INFO => Suministrados disco y alabes al llegar a inspección final de rotor NAMEPLATE: X80092 
03-Nov-2015, 19:16 => INFO => Suministrados disco y alabes al llegar a inspección final de rotor NAMEPLATE: H80410 
03-Nov-2015, 19:48 => INFO => Suministrados disco y alabes al llegar a inspección final de rotor NAMEPLATE: M81174 
03-Nov-2015, 22:15 => INFO => Suministrado disco al llegar a inspección de disco. NAMEPLATE: R8203/01 
04-Nov-2015, 07:52 => INFO => Suministrados disco y alabes al llegar a inspección final de rotor NAMEPLATE: X80092 
04-Nov-2015, 11:58 => INFO => Suministrados disco y alabes al llegar a inspección final de rotor NAMEPLATE: H80410 
04-Nov-2015, 14:21 => INFO => Suministrados disco y alabes al llegar a inspección final de rotor NAMEPLATE: R8003/01 
04-Nov-2015, 14:36 => INFO => Suministrados disco y alabes al llegar a inspección final de rotor NAMEPLATE: M81175 
04-Nov-2015, 16:07 => INFO => Suministrados disco y alabes al llegar a inspección final de rotor NAMEPLATE: X80092 
04-Nov-2015, 17:30 => INFO => Suministrados disco y alabes al llegar a inspección final de rotor NAMEPLATE: M81175 
04-Nov-2015, 20:34 => INFO => Suministrados disco y alabes al llegar a inspección final de rotor NAMEPLATE: R8003/01 
04-Nov-2015, 22:07 => INFO => Suministrados disco y alabes al llegar a inspección final de rotor NAMEPLATE: D81312 
05-Nov-2015, 10:55 => INFO => Suministrados disco y alabes al llegar a inspección final de rotor NAMEPLATE: X80093 
05-Nov-2015, 11:14 => INFO => Suministrados disco y alabes al llegar a inspección final de rotor NAMEPLATE: D81312 
05-Nov-2015, 12:36 => INFO => Suministrados disco y alabes al llegar a inspección final de rotor NAMEPLATE: X80093 
05-Nov-2015, 12:41 => INFO => Suministrado disco al llegar a inspección de disco. NAMEPLATE: D81313 
05-Nov-2015, 12:47 => INFO => Suministrados disco y alabes al llegar a inspección final de rotor NAMEPLATE: H80410 
05-Nov-2015, 13:05 => INFO => Suministrado disco al llegar a inspección de disco. NAMEPLATE: X80092 
05-Nov-2015, 16:42 => INFO => Suministrados disco y alabes al llegar a inspección final de rotor NAMEPLATE: M81176 
05-Nov-2015, 18:53 => INFO => Suministrados disco y alabes al llegar a inspección final de rotor NAMEPLATE: M81176 
05-Nov-2015, 19:46 => INFO => Suministrados disco y alabes al llegar a inspección final de rotor NAMEPLATE: X80093 
05-Nov-2015, 21:15 => INFO => Suministrados disco y alabes al llegar a inspección final de rotor NAMEPLATE: X80092 
06-Nov-2015, 09:46 => INFO => Suministrados disco y alabes al llegar a inspección final de rotor NAMEPLATE: H80410 
06-Nov-2015, 10:13 => INFO => Suministrados disco y alabes al llegar a inspección final de rotor NAMEPLATE: D81313 
06-Nov-2015, 10:40 => INFO => Suministrado disco al llegar a inspección de disco. NAMEPLATE: D81313 
